Compiling d:\nt\private\sdktools\imagehlp directory ********************
'nmake.exe /c BUILDMSG=Stop. -i NTTEST= UMTEST= NOLINK=1 386=1'
Elapsed time [0:00:00.000] ********************
	rc -l 409 -z "MS Sans Serif,Helv/MS Shell Dlg"  -r -fo obj\i386\bind.tmp -D_X86_=1 -Di386=1  -DSTD_CALL -DCONDITION_HANDLING=1 -DNT_UP=1  -DNT_INST=0 -DWIN32=100 -D_NT1X_=100 -DWINNT=1 -D_WIN32_WINNT=0x0400    -DWIN32_LEAN_AND_MEAN=1 -DDEVL=1 -DFPO=1    -DNDEBUG  -DSUPPORT_MIXED_INTEGER=1   -ID:\nt\private\ntos\inc -ID:\nt\private\windows\setup\inc -ID:\nt\public\oak\inc -ID:\nt\public\sdk\inc -ID:\nt\public\sdk\inc\crt .\bind.rc
CVTRES : fatal error CVT1101: cannot open obj\i386\bind.tmp for reading
Could Not Find D:\NT\private\sdktools\imagehlp\obj\i386\bind.tmp
	rc -l 409 -z "MS Sans Serif,Helv/MS Shell Dlg"  -r -fo obj\i386\binplace.tmp -D_X86_=1 -Di386=1  -DSTD_CALL -DCONDITION_HANDLING=1 -DNT_UP=1  -DNT_INST=0 -DWIN32=100 -D_NT1X_=100 -DWINNT=1 -D_WIN32_WINNT=0x0400    -DWIN32_LEAN_AND_MEAN=1 -DDEVL=1 -DFPO=1    -DNDEBUG  -DSUPPORT_MIXED_INTEGER=1   -ID:\nt\private\ntos\inc -ID:\nt\private\windows\setup\inc -ID:\nt\public\oak\inc -ID:\nt\public\sdk\inc -ID:\nt\public\sdk\inc\crt .\binplace.rc
CVTRES : fatal error CVT1101: cannot open obj\i386\binplace.tmp for reading
Could Not Find D:\NT\private\sdktools\imagehlp\obj\i386\binplace.tmp
	rc -l 409 -z "MS Sans Serif,Helv/MS Shell Dlg"  -r -fo obj\i386\certify.tmp -D_X86_=1 -Di386=1  -DSTD_CALL -DCONDITION_HANDLING=1 -DNT_UP=1  -DNT_INST=0 -DWIN32=100 -D_NT1X_=100 -DWINNT=1 -D_WIN32_WINNT=0x0400    -DWIN32_LEAN_AND_MEAN=1 -DDEVL=1 -DFPO=1    -DNDEBUG  -DSUPPORT_MIXED_INTEGER=1   -ID:\nt\private\ntos\inc -ID:\nt\private\windows\setup\inc -ID:\nt\public\oak\inc -ID:\nt\public\sdk\inc -ID:\nt\public\sdk\inc\crt .\certify.rc
CVTRES : fatal error CVT1101: cannot open obj\i386\certify.tmp for reading
Could Not Find D:\NT\private\sdktools\imagehlp\obj\i386\certify.tmp
	rc -l 409 -z "MS Sans Serif,Helv/MS Shell Dlg"  -r -fo obj\i386\checkfix.tmp -D_X86_=1 -Di386=1  -DSTD_CALL -DCONDITION_HANDLING=1 -DNT_UP=1  -DNT_INST=0 -DWIN32=100 -D_NT1X_=100 -DWINNT=1 -D_WIN32_WINNT=0x0400    -DWIN32_LEAN_AND_MEAN=1 -DDEVL=1 -DFPO=1    -DNDEBUG  -DSUPPORT_MIXED_INTEGER=1   -ID:\nt\private\ntos\inc -ID:\nt\private\windows\setup\inc -ID:\nt\public\oak\inc -ID:\nt\public\sdk\inc -ID:\nt\public\sdk\inc\crt .\checkfix.rc
CVTRES : fatal error CVT1101: cannot open obj\i386\checkfix.tmp for reading
Could Not Find D:\NT\private\sdktools\imagehlp\obj\i386\checkfix.tmp
	rc -l 409 -z "MS Sans Serif,Helv/MS Shell Dlg"  -r -fo obj\i386\dbgdump.tmp -D_X86_=1 -Di386=1  -DSTD_CALL -DCONDITION_HANDLING=1 -DNT_UP=1  -DNT_INST=0 -DWIN32=100 -D_NT1X_=100 -DWINNT=1 -D_WIN32_WINNT=0x0400    -DWIN32_LEAN_AND_MEAN=1 -DDEVL=1 -DFPO=1    -DNDEBUG  -DSUPPORT_MIXED_INTEGER=1   -ID:\nt\private\ntos\inc -ID:\nt\private\windows\setup\inc -ID:\nt\public\oak\inc -ID:\nt\public\sdk\inc -ID:\nt\public\sdk\inc\crt .\dbgdump.rc
CVTRES : fatal error CVT1101: cannot open obj\i386\dbgdump.tmp for reading
Could Not Find D:\NT\private\sdktools\imagehlp\obj\i386\dbgdump.tmp
	rc -l 409 -z "MS Sans Serif,Helv/MS Shell Dlg"  -r -fo obj\i386\editsym.tmp -D_X86_=1 -Di386=1  -DSTD_CALL -DCONDITION_HANDLING=1 -DNT_UP=1  -DNT_INST=0 -DWIN32=100 -D_NT1X_=100 -DWINNT=1 -D_WIN32_WINNT=0x0400    -DWIN32_LEAN_AND_MEAN=1 -DDEVL=1 -DFPO=1    -DNDEBUG  -DSUPPORT_MIXED_INTEGER=1   -ID:\nt\private\ntos\inc -ID:\nt\private\windows\setup\inc -ID:\nt\public\oak\inc -ID:\nt\public\sdk\inc -ID:\nt\public\sdk\inc\crt .\editsym.rc
CVTRES : fatal error CVT1101: cannot open obj\i386\editsym.tmp for reading
Could Not Find D:\NT\private\sdktools\imagehlp\obj\i386\editsym.tmp
	rc -l 409 -z "MS Sans Serif,Helv/MS Shell Dlg"  -r -fo obj\i386\imagecfg.tmp -D_X86_=1 -Di386=1  -DSTD_CALL -DCONDITION_HANDLING=1 -DNT_UP=1  -DNT_INST=0 -DWIN32=100 -D_NT1X_=100 -DWINNT=1 -D_WIN32_WINNT=0x0400    -DWIN32_LEAN_AND_MEAN=1 -DDEVL=1 -DFPO=1    -DNDEBUG  -DSUPPORT_MIXED_INTEGER=1   -ID:\nt\private\ntos\inc -ID:\nt\private\windows\setup\inc -ID:\nt\public\oak\inc -ID:\nt\public\sdk\inc -ID:\nt\public\sdk\inc\crt .\imagecfg.rc
CVTRES : fatal error CVT1101: cannot open obj\i386\imagecfg.tmp for reading
Could Not Find D:\NT\private\sdktools\imagehlp\obj\i386\imagecfg.tmp
	rc -l 409 -z "MS Sans Serif,Helv/MS Shell Dlg"  -r -fo obj\i386\imagechk.tmp -D_X86_=1 -Di386=1  -DSTD_CALL -DCONDITION_HANDLING=1 -DNT_UP=1  -DNT_INST=0 -DWIN32=100 -D_NT1X_=100 -DWINNT=1 -D_WIN32_WINNT=0x0400    -DWIN32_LEAN_AND_MEAN=1 -DDEVL=1 -DFPO=1    -DNDEBUG  -DSUPPORT_MIXED_INTEGER=1   -ID:\nt\private\ntos\inc -ID:\nt\private\windows\setup\inc -ID:\nt\public\oak\inc -ID:\nt\public\sdk\inc -ID:\nt\public\sdk\inc\crt .\imagechk.rc
CVTRES : fatal error CVT1101: cannot open obj\i386\imagechk.tmp for reading
Could Not Find D:\NT\private\sdktools\imagehlp\obj\i386\imagechk.tmp
	rc -l 409 -z "MS Sans Serif,Helv/MS Shell Dlg"  -r -fo obj\i386\imagehlp.tmp -D_X86_=1 -Di386=1  -DSTD_CALL -DCONDITION_HANDLING=1 -DNT_UP=1  -DNT_INST=0 -DWIN32=100 -D_NT1X_=100 -DWINNT=1 -D_WIN32_WINNT=0x0400    -DWIN32_LEAN_AND_MEAN=1 -DDEVL=1 -DFPO=1    -DNDEBUG  -DSUPPORT_MIXED_INTEGER=1   -ID:\nt\private\ntos\inc -ID:\nt\private\windows\setup\inc -ID:\nt\public\oak\inc -ID:\nt\public\sdk\inc -ID:\nt\public\sdk\inc\crt .\imagehlp.rc
CVTRES : fatal error CVT1101: cannot open obj\i386\imagehlp.tmp for reading
Could Not Find D:\NT\private\sdktools\imagehlp\obj\i386\imagehlp.tmp
	rc -l 409 -z "MS Sans Serif,Helv/MS Shell Dlg"  -r -fo obj\i386\impchk.tmp -D_X86_=1 -Di386=1  -DSTD_CALL -DCONDITION_HANDLING=1 -DNT_UP=1  -DNT_INST=0 -DWIN32=100 -D_NT1X_=100 -DWINNT=1 -D_WIN32_WINNT=0x0400    -DWIN32_LEAN_AND_MEAN=1 -DDEVL=1 -DFPO=1    -DNDEBUG  -DSUPPORT_MIXED_INTEGER=1   -ID:\nt\private\ntos\inc -ID:\nt\private\windows\setup\inc -ID:\nt\public\oak\inc -ID:\nt\public\sdk\inc -ID:\nt\public\sdk\inc\crt .\impchk.rc
CVTRES : fatal error CVT1101: cannot open obj\i386\impchk.tmp for reading
Could Not Find D:\NT\private\sdktools\imagehlp\obj\i386\impchk.tmp
	rc -l 409 -z "MS Sans Serif,Helv/MS Shell Dlg"  -r -fo obj\i386\rebase.tmp -D_X86_=1 -Di386=1  -DSTD_CALL -DCONDITION_HANDLING=1 -DNT_UP=1  -DNT_INST=0 -DWIN32=100 -D_NT1X_=100 -DWINNT=1 -D_WIN32_WINNT=0x0400    -DWIN32_LEAN_AND_MEAN=1 -DDEVL=1 -DFPO=1    -DNDEBUG  -DSUPPORT_MIXED_INTEGER=1   -ID:\nt\private\ntos\inc -ID:\nt\private\windows\setup\inc -ID:\nt\public\oak\inc -ID:\nt\public\sdk\inc -ID:\nt\public\sdk\inc\crt .\rebase.rc
CVTRES : fatal error CVT1101: cannot open obj\i386\rebase.tmp for reading
Could Not Find D:\NT\private\sdktools\imagehlp\obj\i386\rebase.tmp
	rc -l 409 -z "MS Sans Serif,Helv/MS Shell Dlg"  -r -fo obj\i386\smashlck.tmp -D_X86_=1 -Di386=1  -DSTD_CALL -DCONDITION_HANDLING=1 -DNT_UP=1  -DNT_INST=0 -DWIN32=100 -D_NT1X_=100 -DWINNT=1 -D_WIN32_WINNT=0x0400    -DWIN32_LEAN_AND_MEAN=1 -DDEVL=1 -DFPO=1    -DNDEBUG  -DSUPPORT_MIXED_INTEGER=1   -ID:\nt\private\ntos\inc -ID:\nt\private\windows\setup\inc -ID:\nt\public\oak\inc -ID:\nt\public\sdk\inc -ID:\nt\public\sdk\inc\crt .\smashlck.rc
CVTRES : fatal error CVT1101: cannot open obj\i386\smashlck.tmp for reading
Could Not Find D:\NT\private\sdktools\imagehlp\obj\i386\smashlck.tmp
	rc -l 409 -z "MS Sans Serif,Helv/MS Shell Dlg"  -r -fo obj\i386\splitsym.tmp -D_X86_=1 -Di386=1  -DSTD_CALL -DCONDITION_HANDLING=1 -DNT_UP=1  -DNT_INST=0 -DWIN32=100 -D_NT1X_=100 -DWINNT=1 -D_WIN32_WINNT=0x0400    -DWIN32_LEAN_AND_MEAN=1 -DDEVL=1 -DFPO=1    -DNDEBUG  -DSUPPORT_MIXED_INTEGER=1   -ID:\nt\private\ntos\inc -ID:\nt\private\windows\setup\inc -ID:\nt\public\oak\inc -ID:\nt\public\sdk\inc -ID:\nt\public\sdk\inc\crt .\splitsym.rc
CVTRES : fatal error CVT1101: cannot open obj\i386\splitsym.tmp for reading
Could Not Find D:\NT\private\sdktools\imagehlp\obj\i386\splitsym.tmp
	rc -l 409 -z "MS Sans Serif,Helv/MS Shell Dlg"  -r -fo obj\i386\stripcv.tmp -D_X86_=1 -Di386=1  -DSTD_CALL -DCONDITION_HANDLING=1 -DNT_UP=1  -DNT_INST=0 -DWIN32=100 -D_NT1X_=100 -DWINNT=1 -D_WIN32_WINNT=0x0400    -DWIN32_LEAN_AND_MEAN=1 -DDEVL=1 -DFPO=1    -DNDEBUG  -DSUPPORT_MIXED_INTEGER=1   -ID:\nt\private\ntos\inc -ID:\nt\private\windows\setup\inc -ID:\nt\public\oak\inc -ID:\nt\public\sdk\inc -ID:\nt\public\sdk\inc\crt .\stripcv.rc
CVTRES : fatal error CVT1101: cannot open obj\i386\stripcv.tmp for reading
Could Not Find D:\NT\private\sdktools\imagehlp\obj\i386\stripcv.tmp
	rc -l 409 -z "MS Sans Serif,Helv/MS Shell Dlg"  -r -fo obj\i386\undname.tmp -D_X86_=1 -Di386=1  -DSTD_CALL -DCONDITION_HANDLING=1 -DNT_UP=1  -DNT_INST=0 -DWIN32=100 -D_NT1X_=100 -DWINNT=1 -D_WIN32_WINNT=0x0400    -DWIN32_LEAN_AND_MEAN=1 -DDEVL=1 -DFPO=1    -DNDEBUG  -DSUPPORT_MIXED_INTEGER=1   -ID:\nt\private\ntos\inc -ID:\nt\private\windows\setup\inc -ID:\nt\public\oak\inc -ID:\nt\public\sdk\inc -ID:\nt\public\sdk\inc\crt .\undname.rc
CVTRES : fatal error CVT1101: cannot open obj\i386\undname.tmp for reading
Could Not Find D:\NT\private\sdktools\imagehlp\obj\i386\undname.tmp
	rc -l 409 -z "MS Sans Serif,Helv/MS Shell Dlg"  -r -fo obj\i386\upddbg.tmp -D_X86_=1 -Di386=1  -DSTD_CALL -DCONDITION_HANDLING=1 -DNT_UP=1  -DNT_INST=0 -DWIN32=100 -D_NT1X_=100 -DWINNT=1 -D_WIN32_WINNT=0x0400    -DWIN32_LEAN_AND_MEAN=1 -DDEVL=1 -DFPO=1    -DNDEBUG  -DSUPPORT_MIXED_INTEGER=1   -ID:\nt\private\ntos\inc -ID:\nt\private\windows\setup\inc -ID:\nt\public\oak\inc -ID:\nt\public\sdk\inc -ID:\nt\public\sdk\inc\crt .\upddbg.rc
CVTRES : fatal error CVT1101: cannot open obj\i386\upddbg.tmp for reading
Could Not Find D:\NT\private\sdktools\imagehlp\obj\i386\upddbg.tmp
	rc -l 409 -z "MS Sans Serif,Helv/MS Shell Dlg"  -r -fo obj\i386\verfix.tmp -D_X86_=1 -Di386=1  -DSTD_CALL -DCONDITION_HANDLING=1 -DNT_UP=1  -DNT_INST=0 -DWIN32=100 -D_NT1X_=100 -DWINNT=1 -D_WIN32_WINNT=0x0400    -DWIN32_LEAN_AND_MEAN=1 -DDEVL=1 -DFPO=1    -DNDEBUG  -DSUPPORT_MIXED_INTEGER=1   -ID:\nt\private\ntos\inc -ID:\nt\private\windows\setup\inc -ID:\nt\public\oak\inc -ID:\nt\public\sdk\inc -ID:\nt\public\sdk\inc\crt .\verfix.rc
CVTRES : fatal error CVT1101: cannot open obj\i386\verfix.tmp for reading
Could Not Find D:\NT\private\sdktools\imagehlp\obj\i386\verfix.tmp
	ml -c -coff -Cx -nologo -Ii386\ -I. -ID:\nt\private\ntos\inc -ID:\nt\private\windows\setup\inc -ID:\nt\public\oak\inc -ID:\nt\public\sdk\inc -ID:\nt\public\sdk\inc\crt -Zm  -D_X86_=1 -Di386=1  -DSTD_CALL -DCONDITION_HANDLING=1 -DNT_UP=1  -DNT_INST=0 -DWIN32=100 -D_NT1X_=100 -DWINNT=1 -D_WIN32_WINNT=0x0400    -DWIN32_LEAN_AND_MEAN=1 -DDBG=0 -DDEVL=1 -DFPO=1    -FoD:\NT\private\sdktools\imagehlp\obj\i386\chksum.obj i386\chksum.asm
 Assembling: i386\chksum.asm
cl -nologo -Ii386\ -I. -ID:\nt\private\ntos\inc -ID:\nt\private\windows\setup\inc -ID:\nt\public\oak\inc -ID:\nt\public\sdk\inc -ID:\nt\public\sdk\inc\crt -D_X86_=1 -Di386=1  -DSTD_CALL -DCONDITION_HANDLING=1 -DNT_UP=1  -DNT_INST=0 -DWIN32=100 -D_NT1X_=100 -DWINNT=1 -D_WIN32_WINNT=0x0400    -DWIN32_LEAN_AND_MEAN=1 -DDEVL=1 -DFPO=1    -DNDEBUG  -DSUPPORT_MIXED_INTEGER=1     /c /Zel /Zp8 /Gy  /W3 /WX /Gz  /QIfdiv- /QIf /QI0f /GB /Gi- /Gm- /GX-  /GR- /GF -Z7 /Oxs /Oy   -FID:\nt\public\sdk\inc\warning.h  .\bindi.c
cl -nologo -Ii386\ -I. -ID:\nt\private\ntos\inc -ID:\nt\private\windows\setup\inc -ID:\nt\public\oak\inc -ID:\nt\public\sdk\inc -ID:\nt\public\sdk\inc\crt -D_X86_=1 -Di386=1  -DSTD_CALL -DCONDITION_HANDLING=1 -DNT_UP=1  -DNT_INST=0 -DWIN32=100 -D_NT1X_=100 -DWINNT=1 -D_WIN32_WINNT=0x0400    -DWIN32_LEAN_AND_MEAN=1 -DDEVL=1 -DFPO=1    -DNDEBUG  -DSUPPORT_MIXED_INTEGER=1     /c /Zel /Zp8 /Gy  /W3 /WX /Gz  /QIfdiv- /QIf /QI0f /GB /Gi- /Gm- /GX-  /GR- /GF -Z7 /Oxs /Oy   -FID:\nt\public\sdk\inc\warning.h  .\checksum.c
cl -nologo -Ii386\ -I. -ID:\nt\private\ntos\inc -ID:\nt\private\windows\setup\inc -ID:\nt\public\oak\inc -ID:\nt\public\sdk\inc -ID:\nt\public\sdk\inc\crt -D_X86_=1 -Di386=1  -DSTD_CALL -DCONDITION_HANDLING=1 -DNT_UP=1  -DNT_INST=0 -DWIN32=100 -D_NT1X_=100 -DWINNT=1 -D_WIN32_WINNT=0x0400    -DWIN32_LEAN_AND_MEAN=1 -DDEVL=1 -DFPO=1    -DNDEBUG  -DSUPPORT_MIXED_INTEGER=1     /c /Zel /Zp8 /Gy  /W3 /WX /Gz  /QIfdiv- /QIf /QI0f /GB /Gi- /Gm- /GX-  /GR- /GF -Z7 /Oxs /Oy   -FID:\nt\public\sdk\inc\warning.h  .\dbgexts.c
cl -nologo -Ii386\ -I. -ID:\nt\private\ntos\inc -ID:\nt\private\windows\setup\inc -ID:\nt\public\oak\inc -ID:\nt\public\sdk\inc -ID:\nt\public\sdk\inc\crt -D_X86_=1 -Di386=1  -DSTD_CALL -DCONDITION_HANDLING=1 -DNT_UP=1  -DNT_INST=0 -DWIN32=100 -D_NT1X_=100 -DWINNT=1 -D_WIN32_WINNT=0x0400    -DWIN32_LEAN_AND_MEAN=1 -DDEVL=1 -DFPO=1    -DNDEBUG  -DSUPPORT_MIXED_INTEGER=1     /c /Zel /Zp8 /Gy  /W3 /WX /Gz  /QIfdiv- /QIf /QI0f /GB /Gi- /Gm- /GX-  /GR- /GF -Z7 /Oxs /Oy   -FID:\nt\public\sdk\inc\warning.h  .\debug.c
cl -nologo -Ii386\ -I. -ID:\nt\private\ntos\inc -ID:\nt\private\windows\setup\inc -ID:\nt\public\oak\inc -ID:\nt\public\sdk\inc -ID:\nt\public\sdk\inc\crt -D_X86_=1 -Di386=1  -DSTD_CALL -DCONDITION_HANDLING=1 -DNT_UP=1  -DNT_INST=0 -DWIN32=100 -D_NT1X_=100 -DWINNT=1 -D_WIN32_WINNT=0x0400    -DWIN32_LEAN_AND_MEAN=1 -DDEVL=1 -DFPO=1    -DNDEBUG  -DSUPPORT_MIXED_INTEGER=1     /c /Zel /Zp8 /Gy  /W3 /WX /Gz  /QIfdiv- /QIf /QI0f /GB /Gi- /Gm- /GX-  /GR- /GF -Z7 /Oxs /Oy   -FID:\nt\public\sdk\inc\warning.h  .\imagedir.c
cl -nologo -Ii386\ -I. -ID:\nt\private\ntos\inc -ID:\nt\private\windows\setup\inc -ID:\nt\public\oak\inc -ID:\nt\public\sdk\inc -ID:\nt\public\sdk\inc\crt -D_X86_=1 -Di386=1  -DSTD_CALL -DCONDITION_HANDLING=1 -DNT_UP=1  -DNT_INST=0 -DWIN32=100 -D_NT1X_=100 -DWINNT=1 -D_WIN32_WINNT=0x0400    -DWIN32_LEAN_AND_MEAN=1 -DDEVL=1 -DFPO=1    -DNDEBUG  -DSUPPORT_MIXED_INTEGER=1     /c /Zel /Zp8 /Gy  /W3 /WX /Gz  /QIfdiv- /QIf /QI0f /GB /Gi- /Gm- /GX-  /GR- /GF -Z7 /Oxs /Oy   -FID:\nt\public\sdk\inc\warning.h  .\imagehlp.c
cl -nologo -Ii386\ -I. -ID:\nt\private\ntos\inc -ID:\nt\private\windows\setup\inc -ID:\nt\public\oak\inc -ID:\nt\public\sdk\inc -ID:\nt\public\sdk\inc\crt -D_X86_=1 -Di386=1  -DSTD_CALL -DCONDITION_HANDLING=1 -DNT_UP=1  -DNT_INST=0 -DWIN32=100 -D_NT1X_=100 -DWINNT=1 -D_WIN32_WINNT=0x0400    -DWIN32_LEAN_AND_MEAN=1 -DDEVL=1 -DFPO=1    -DNDEBUG  -DSUPPORT_MIXED_INTEGER=1     /c /Zel /Zp8 /Gy  /W3 /WX /Gz  /QIfdiv- /QIf /QI0f /GB /Gi- /Gm- /GX-  /GR- /GF -Z7 /Oxs /Oy   -FID:\nt\public\sdk\inc\warning.h  .\map.c
cl -nologo -Ii386\ -I. -ID:\nt\private\ntos\inc -ID:\nt\private\windows\setup\inc -ID:\nt\public\oak\inc -ID:\nt\public\sdk\inc -ID:\nt\public\sdk\inc\crt -D_X86_=1 -Di386=1  -DSTD_CALL -DCONDITION_HANDLING=1 -DNT_UP=1  -DNT_INST=0 -DWIN32=100 -D_NT1X_=100 -DWINNT=1 -D_WIN32_WINNT=0x0400    -DWIN32_LEAN_AND_MEAN=1 -DDEVL=1 -DFPO=1    -DNDEBUG  -DSUPPORT_MIXED_INTEGER=1     /c /Zel /Zp8 /Gy  /W3 /WX /Gz  /QIfdiv- /QIf /QI0f /GB /Gi- /Gm- /GX-  /GR- /GF -Z7 /Oxs /Oy   -FID:\nt\public\sdk\inc\warning.h  .\pdb.c
cl -nologo -Ii386\ -I. -ID:\nt\private\ntos\inc -ID:\nt\private\windows\setup\inc -ID:\nt\public\oak\inc -ID:\nt\public\sdk\inc -ID:\nt\public\sdk\inc\crt -D_X86_=1 -Di386=1  -DSTD_CALL -DCONDITION_HANDLING=1 -DNT_UP=1  -DNT_INST=0 -DWIN32=100 -D_NT1X_=100 -DWINNT=1 -D_WIN32_WINNT=0x0400    -DWIN32_LEAN_AND_MEAN=1 -DDEVL=1 -DFPO=1    -DNDEBUG  -DSUPPORT_MIXED_INTEGER=1     /c /Zel /Zp8 /Gy  /W3 /WX /Gz  /QIfdiv- /QIf /QI0f /GB /Gi- /Gm- /GX-  /GR- /GF -Z7 /Oxs /Oy   -FID:\nt\public\sdk\inc\warning.h  .\rebasei.c
cl -nologo -Ii386\ -I. -ID:\nt\private\ntos\inc -ID:\nt\private\windows\setup\inc -ID:\nt\public\oak\inc -ID:\nt\public\sdk\inc -ID:\nt\public\sdk\inc\crt -D_X86_=1 -Di386=1  -DSTD_CALL -DCONDITION_HANDLING=1 -DNT_UP=1  -DNT_INST=0 -DWIN32=100 -D_NT1X_=100 -DWINNT=1 -D_WIN32_WINNT=0x0400    -DWIN32_LEAN_AND_MEAN=1 -DDEVL=1 -DFPO=1    -DNDEBUG  -DSUPPORT_MIXED_INTEGER=1     /c /Zel /Zp8 /Gy  /W3 /WX /Gz  /QIfdiv- /QIf /QI0f /GB /Gi- /Gm- /GX-  /GR- /GF -Z7 /Oxs /Oy   -FID:\nt\public\sdk\inc\warning.h  .\symbols.c
cl -nologo -Ii386\ -I. -ID:\nt\private\ntos\inc -ID:\nt\private\windows\setup\inc -ID:\nt\public\oak\inc -ID:\nt\public\sdk\inc -ID:\nt\public\sdk\inc\crt -D_X86_=1 -Di386=1  -DSTD_CALL -DCONDITION_HANDLING=1 -DNT_UP=1  -DNT_INST=0 -DWIN32=100 -D_NT1X_=100 -DWINNT=1 -D_WIN32_WINNT=0x0400    -DWIN32_LEAN_AND_MEAN=1 -DDEVL=1 -DFPO=1    -DNDEBUG  -DSUPPORT_MIXED_INTEGER=1     /c /Zel /Zp8 /Gy  /W3 /WX /Gz  /QIfdiv- /QIf /QI0f /GB /Gi- /Gm- /GX-  /GR- /GF -Z7 /Oxs /Oy   -FID:\nt\public\sdk\inc\warning.h  .\symbolsp.c
cl -nologo -Ii386\ -I. -ID:\nt\private\ntos\inc -ID:\nt\private\windows\setup\inc -ID:\nt\public\oak\inc -ID:\nt\public\sdk\inc -ID:\nt\public\sdk\inc\crt -D_X86_=1 -Di386=1  -DSTD_CALL -DCONDITION_HANDLING=1 -DNT_UP=1  -DNT_INST=0 -DWIN32=100 -D_NT1X_=100 -DWINNT=1 -D_WIN32_WINNT=0x0400    -DWIN32_LEAN_AND_MEAN=1 -DDEVL=1 -DFPO=1    -DNDEBUG  -DSUPPORT_MIXED_INTEGER=1     /c /Zel /Zp8 /Gy  /W3 /WX /Gz  /QIfdiv- /QIf /QI0f /GB /Gi- /Gm- /GX-  /GR- /GF -Z7 /Oxs /Oy   -FID:\nt\public\sdk\inc\warning.h  .\walk.c
cl -nologo -Ii386\ -I. -ID:\nt\private\ntos\inc -ID:\nt\private\windows\setup\inc -ID:\nt\public\oak\inc -ID:\nt\public\sdk\inc -ID:\nt\public\sdk\inc\crt -D_X86_=1 -Di386=1  -DSTD_CALL -DCONDITION_HANDLING=1 -DNT_UP=1  -DNT_INST=0 -DWIN32=100 -D_NT1X_=100 -DWINNT=1 -D_WIN32_WINNT=0x0400    -DWIN32_LEAN_AND_MEAN=1 -DDEVL=1 -DFPO=1    -DNDEBUG  -DSUPPORT_MIXED_INTEGER=1     /c /Zel /Zp8 /Gy  /W3 /WX /Gz  /QIfdiv- /QIf /QI0f /GB /Gi- /Gm- /GX-  /GR- /GF -Z7 /Oxs /Oy   -FID:\nt\public\sdk\inc\warning.h  .\walkx86.c
cl -nologo -Ii386\ -I. -ID:\nt\private\ntos\inc -ID:\nt\private\windows\setup\inc -ID:\nt\public\oak\inc -ID:\nt\public\sdk\inc -ID:\nt\public\sdk\inc\crt -D_X86_=1 -Di386=1  -DSTD_CALL -DCONDITION_HANDLING=1 -DNT_UP=1  -DNT_INST=0 -DWIN32=100 -D_NT1X_=100 -DWINNT=1 -D_WIN32_WINNT=0x0400    -DWIN32_LEAN_AND_MEAN=1 -DDEVL=1 -DFPO=1    -DNDEBUG  -DSUPPORT_MIXED_INTEGER=1     /c /Zel /Zp8 /Gy  /W3 /WX /Gz  /QIfdiv- /QIf /QI0f /GB /Gi- /Gm- /GX-  /GR- /GF -Z7 /Oxs /Oy   -FID:\nt\public\sdk\inc\warning.h  .\walkmip.c
cl -nologo -Ii386\ -I. -ID:\nt\private\ntos\inc -ID:\nt\private\windows\setup\inc -ID:\nt\public\oak\inc -ID:\nt\public\sdk\inc -ID:\nt\public\sdk\inc\crt -D_X86_=1 -Di386=1  -DSTD_CALL -DCONDITION_HANDLING=1 -DNT_UP=1  -DNT_INST=0 -DWIN32=100 -D_NT1X_=100 -DWINNT=1 -D_WIN32_WINNT=0x0400    -DWIN32_LEAN_AND_MEAN=1 -DDEVL=1 -DFPO=1    -DNDEBUG  -DSUPPORT_MIXED_INTEGER=1     /c /Zel /Zp8 /Gy  /W3 /WX /Gz  /QIfdiv- /QIf /QI0f /GB /Gi- /Gm- /GX-  /GR- /GF -Z7 /Oxs /Oy   -FID:\nt\public\sdk\inc\warning.h  .\walkalp.c
cl -nologo -Ii386\ -I. -ID:\nt\private\ntos\inc -ID:\nt\private\windows\setup\inc -ID:\nt\public\oak\inc -ID:\nt\public\sdk\inc -ID:\nt\public\sdk\inc\crt -D_X86_=1 -Di386=1  -DSTD_CALL -DCONDITION_HANDLING=1 -DNT_UP=1  -DNT_INST=0 -DWIN32=100 -D_NT1X_=100 -DWINNT=1 -D_WIN32_WINNT=0x0400    -DWIN32_LEAN_AND_MEAN=1 -DDEVL=1 -DFPO=1    -DNDEBUG  -DSUPPORT_MIXED_INTEGER=1     /c /Zel /Zp8 /Gy  /W3 /WX /Gz  /QIfdiv- /QIf /QI0f /GB /Gi- /Gm- /GX-  /GR- /GF -Z7 /Oxs /Oy   -FID:\nt\public\sdk\inc\warning.h  .\walkppc.c
cl -nologo -Ii386\ -I. -ID:\nt\private\ntos\inc -ID:\nt\private\windows\setup\inc -ID:\nt\public\oak\inc -ID:\nt\public\sdk\inc -ID:\nt\public\sdk\inc\crt -D_X86_=1 -Di386=1  -DSTD_CALL -DCONDITION_HANDLING=1 -DNT_UP=1  -DNT_INST=0 -DWIN32=100 -D_NT1X_=100 -DWINNT=1 -D_WIN32_WINNT=0x0400    -DWIN32_LEAN_AND_MEAN=1 -DDEVL=1 -DFPO=1    -DNDEBUG  -DSUPPORT_MIXED_INTEGER=1     /c /Zel /Zp8 /Gy  /W3 /WX /Gz  /QIfdiv- /QIf /QI0f /GB /Gi- /Gm- /GX-  /GR- /GF -Z7 /Oxs /Oy   -FID:\nt\public\sdk\inc\warning.h  .\dice.cxx
cl -nologo -Ii386\ -I. -ID:\nt\private\ntos\inc -ID:\nt\private\windows\setup\inc -ID:\nt\public\oak\inc -ID:\nt\public\sdk\inc -ID:\nt\public\sdk\inc\crt -D_X86_=1 -Di386=1  -DSTD_CALL -DCONDITION_HANDLING=1 -DNT_UP=1  -DNT_INST=0 -DWIN32=100 -D_NT1X_=100 -DWINNT=1 -D_WIN32_WINNT=0x0400    -DWIN32_LEAN_AND_MEAN=1 -DDEVL=1 -DFPO=1    -DNDEBUG  -DSUPPORT_MIXED_INTEGER=1     /c /Zel /Zp8 /Gy  /W3 /WX /Gz  /QIfdiv- /QIf /QI0f /GB /Gi- /Gm- /GX-  /GR- /GF -Z7 /Oxs /Oy   -FID:\nt\public\sdk\inc\warning.h  .\undecsym.cxx
cl -nologo -Ii386\ -I. -ID:\nt\private\ntos\inc -ID:\nt\private\windows\setup\inc -ID:\nt\public\oak\inc -ID:\nt\public\sdk\inc -ID:\nt\public\sdk\inc\crt -D_X86_=1 -Di386=1  -DSTD_CALL -DCONDITION_HANDLING=1 -DNT_UP=1  -DNT_INST=0 -DWIN32=100 -D_NT1X_=100 -DWINNT=1 -D_WIN32_WINNT=0x0400    -DWIN32_LEAN_AND_MEAN=1 -DDEVL=1 -DFPO=1    -DNDEBUG  -DSUPPORT_MIXED_INTEGER=1     /c /Zel /Zp8 /Gy  /W3 /WX /Gz  /QIfdiv- /QIf /QI0f /GB /Gi- /Gm- /GX-  /GR- /GF -Z7 /Oxs /Oy   -FID:\nt\public\sdk\inc\warning.h  .\imagehlp.src /EP .\imagehlp.src
NMAKE :  U1073: don't know how to make 'D:\nt\public\sdk\lib\i386\libc.lib'
Stop.
BUILD: nmake.exe /c BUILDMSG=Stop. -i NTTEST= UMTEST= NOLINK=1 386=1 failed - rc = 2
Linking d:\nt\private\sdktools\imagehlp directory ********************
'nmake.exe /c BUILDMSG=Stop. -i LINKONLY=1 NOPASS0=1 NTTEST= UMTEST= MAKEDLL=1 386=1'
Elapsed time [0:00:01.281] ********************
	rc -l 409 -z "MS Sans Serif,Helv/MS Shell Dlg"  -r -fo obj\i386\bind.tmp -D_X86_=1 -Di386=1  -DSTD_CALL -DCONDITION_HANDLING=1 -DNT_UP=1  -DNT_INST=0 -DWIN32=100 -D_NT1X_=100 -DWINNT=1 -D_WIN32_WINNT=0x0400    -DWIN32_LEAN_AND_MEAN=1 -DDEVL=1 -DFPO=1    -DNDEBUG  -DSUPPORT_MIXED_INTEGER=1   -ID:\nt\private\ntos\inc -ID:\nt\private\windows\setup\inc -ID:\nt\public\oak\inc -ID:\nt\public\sdk\inc -ID:\nt\public\sdk\inc\crt .\bind.rc
CVTRES : fatal error CVT1101: cannot open obj\i386\bind.tmp for reading
Could Not Find D:\NT\private\sdktools\imagehlp\obj\i386\bind.tmp
	rc -l 409 -z "MS Sans Serif,Helv/MS Shell Dlg"  -r -fo obj\i386\binplace.tmp -D_X86_=1 -Di386=1  -DSTD_CALL -DCONDITION_HANDLING=1 -DNT_UP=1  -DNT_INST=0 -DWIN32=100 -D_NT1X_=100 -DWINNT=1 -D_WIN32_WINNT=0x0400    -DWIN32_LEAN_AND_MEAN=1 -DDEVL=1 -DFPO=1    -DNDEBUG  -DSUPPORT_MIXED_INTEGER=1   -ID:\nt\private\ntos\inc -ID:\nt\private\windows\setup\inc -ID:\nt\public\oak\inc -ID:\nt\public\sdk\inc -ID:\nt\public\sdk\inc\crt .\binplace.rc
CVTRES : fatal error CVT1101: cannot open obj\i386\binplace.tmp for reading
Could Not Find D:\NT\private\sdktools\imagehlp\obj\i386\binplace.tmp
	rc -l 409 -z "MS Sans Serif,Helv/MS Shell Dlg"  -r -fo obj\i386\certify.tmp -D_X86_=1 -Di386=1  -DSTD_CALL -DCONDITION_HANDLING=1 -DNT_UP=1  -DNT_INST=0 -DWIN32=100 -D_NT1X_=100 -DWINNT=1 -D_WIN32_WINNT=0x0400    -DWIN32_LEAN_AND_MEAN=1 -DDEVL=1 -DFPO=1    -DNDEBUG  -DSUPPORT_MIXED_INTEGER=1   -ID:\nt\private\ntos\inc -ID:\nt\private\windows\setup\inc -ID:\nt\public\oak\inc -ID:\nt\public\sdk\inc -ID:\nt\public\sdk\inc\crt .\certify.rc
CVTRES : fatal error CVT1101: cannot open obj\i386\certify.tmp for reading
Could Not Find D:\NT\private\sdktools\imagehlp\obj\i386\certify.tmp
	rc -l 409 -z "MS Sans Serif,Helv/MS Shell Dlg"  -r -fo obj\i386\checkfix.tmp -D_X86_=1 -Di386=1  -DSTD_CALL -DCONDITION_HANDLING=1 -DNT_UP=1  -DNT_INST=0 -DWIN32=100 -D_NT1X_=100 -DWINNT=1 -D_WIN32_WINNT=0x0400    -DWIN32_LEAN_AND_MEAN=1 -DDEVL=1 -DFPO=1    -DNDEBUG  -DSUPPORT_MIXED_INTEGER=1   -ID:\nt\private\ntos\inc -ID:\nt\private\windows\setup\inc -ID:\nt\public\oak\inc -ID:\nt\public\sdk\inc -ID:\nt\public\sdk\inc\crt .\checkfix.rc
CVTRES : fatal error CVT1101: cannot open obj\i386\checkfix.tmp for reading
Could Not Find D:\NT\private\sdktools\imagehlp\obj\i386\checkfix.tmp
	rc -l 409 -z "MS Sans Serif,Helv/MS Shell Dlg"  -r -fo obj\i386\dbgdump.tmp -D_X86_=1 -Di386=1  -DSTD_CALL -DCONDITION_HANDLING=1 -DNT_UP=1  -DNT_INST=0 -DWIN32=100 -D_NT1X_=100 -DWINNT=1 -D_WIN32_WINNT=0x0400    -DWIN32_LEAN_AND_MEAN=1 -DDEVL=1 -DFPO=1    -DNDEBUG  -DSUPPORT_MIXED_INTEGER=1   -ID:\nt\private\ntos\inc -ID:\nt\private\windows\setup\inc -ID:\nt\public\oak\inc -ID:\nt\public\sdk\inc -ID:\nt\public\sdk\inc\crt .\dbgdump.rc
CVTRES : fatal error CVT1101: cannot open obj\i386\dbgdump.tmp for reading
Could Not Find D:\NT\private\sdktools\imagehlp\obj\i386\dbgdump.tmp
	rc -l 409 -z "MS Sans Serif,Helv/MS Shell Dlg"  -r -fo obj\i386\editsym.tmp -D_X86_=1 -Di386=1  -DSTD_CALL -DCONDITION_HANDLING=1 -DNT_UP=1  -DNT_INST=0 -DWIN32=100 -D_NT1X_=100 -DWINNT=1 -D_WIN32_WINNT=0x0400    -DWIN32_LEAN_AND_MEAN=1 -DDEVL=1 -DFPO=1    -DNDEBUG  -DSUPPORT_MIXED_INTEGER=1   -ID:\nt\private\ntos\inc -ID:\nt\private\windows\setup\inc -ID:\nt\public\oak\inc -ID:\nt\public\sdk\inc -ID:\nt\public\sdk\inc\crt .\editsym.rc
CVTRES : fatal error CVT1101: cannot open obj\i386\editsym.tmp for reading
Could Not Find D:\NT\private\sdktools\imagehlp\obj\i386\editsym.tmp
	rc -l 409 -z "MS Sans Serif,Helv/MS Shell Dlg"  -r -fo obj\i386\imagecfg.tmp -D_X86_=1 -Di386=1  -DSTD_CALL -DCONDITION_HANDLING=1 -DNT_UP=1  -DNT_INST=0 -DWIN32=100 -D_NT1X_=100 -DWINNT=1 -D_WIN32_WINNT=0x0400    -DWIN32_LEAN_AND_MEAN=1 -DDEVL=1 -DFPO=1    -DNDEBUG  -DSUPPORT_MIXED_INTEGER=1   -ID:\nt\private\ntos\inc -ID:\nt\private\windows\setup\inc -ID:\nt\public\oak\inc -ID:\nt\public\sdk\inc -ID:\nt\public\sdk\inc\crt .\imagecfg.rc
CVTRES : fatal error CVT1101: cannot open obj\i386\imagecfg.tmp for reading
Could Not Find D:\NT\private\sdktools\imagehlp\obj\i386\imagecfg.tmp
	rc -l 409 -z "MS Sans Serif,Helv/MS Shell Dlg"  -r -fo obj\i386\imagechk.tmp -D_X86_=1 -Di386=1  -DSTD_CALL -DCONDITION_HANDLING=1 -DNT_UP=1  -DNT_INST=0 -DWIN32=100 -D_NT1X_=100 -DWINNT=1 -D_WIN32_WINNT=0x0400    -DWIN32_LEAN_AND_MEAN=1 -DDEVL=1 -DFPO=1    -DNDEBUG  -DSUPPORT_MIXED_INTEGER=1   -ID:\nt\private\ntos\inc -ID:\nt\private\windows\setup\inc -ID:\nt\public\oak\inc -ID:\nt\public\sdk\inc -ID:\nt\public\sdk\inc\crt .\imagechk.rc
CVTRES : fatal error CVT1101: cannot open obj\i386\imagechk.tmp for reading
Could Not Find D:\NT\private\sdktools\imagehlp\obj\i386\imagechk.tmp
	rc -l 409 -z "MS Sans Serif,Helv/MS Shell Dlg"  -r -fo obj\i386\imagehlp.tmp -D_X86_=1 -Di386=1  -DSTD_CALL -DCONDITION_HANDLING=1 -DNT_UP=1  -DNT_INST=0 -DWIN32=100 -D_NT1X_=100 -DWINNT=1 -D_WIN32_WINNT=0x0400    -DWIN32_LEAN_AND_MEAN=1 -DDEVL=1 -DFPO=1    -DNDEBUG  -DSUPPORT_MIXED_INTEGER=1   -ID:\nt\private\ntos\inc -ID:\nt\private\windows\setup\inc -ID:\nt\public\oak\inc -ID:\nt\public\sdk\inc -ID:\nt\public\sdk\inc\crt .\imagehlp.rc
CVTRES : fatal error CVT1101: cannot open obj\i386\imagehlp.tmp for reading
Could Not Find D:\NT\private\sdktools\imagehlp\obj\i386\imagehlp.tmp
	rc -l 409 -z "MS Sans Serif,Helv/MS Shell Dlg"  -r -fo obj\i386\impchk.tmp -D_X86_=1 -Di386=1  -DSTD_CALL -DCONDITION_HANDLING=1 -DNT_UP=1  -DNT_INST=0 -DWIN32=100 -D_NT1X_=100 -DWINNT=1 -D_WIN32_WINNT=0x0400    -DWIN32_LEAN_AND_MEAN=1 -DDEVL=1 -DFPO=1    -DNDEBUG  -DSUPPORT_MIXED_INTEGER=1   -ID:\nt\private\ntos\inc -ID:\nt\private\windows\setup\inc -ID:\nt\public\oak\inc -ID:\nt\public\sdk\inc -ID:\nt\public\sdk\inc\crt .\impchk.rc
CVTRES : fatal error CVT1101: cannot open obj\i386\impchk.tmp for reading
Could Not Find D:\NT\private\sdktools\imagehlp\obj\i386\impchk.tmp
	rc -l 409 -z "MS Sans Serif,Helv/MS Shell Dlg"  -r -fo obj\i386\rebase.tmp -D_X86_=1 -Di386=1  -DSTD_CALL -DCONDITION_HANDLING=1 -DNT_UP=1  -DNT_INST=0 -DWIN32=100 -D_NT1X_=100 -DWINNT=1 -D_WIN32_WINNT=0x0400    -DWIN32_LEAN_AND_MEAN=1 -DDEVL=1 -DFPO=1    -DNDEBUG  -DSUPPORT_MIXED_INTEGER=1   -ID:\nt\private\ntos\inc -ID:\nt\private\windows\setup\inc -ID:\nt\public\oak\inc -ID:\nt\public\sdk\inc -ID:\nt\public\sdk\inc\crt .\rebase.rc
CVTRES : fatal error CVT1101: cannot open obj\i386\rebase.tmp for reading
Could Not Find D:\NT\private\sdktools\imagehlp\obj\i386\rebase.tmp
	rc -l 409 -z "MS Sans Serif,Helv/MS Shell Dlg"  -r -fo obj\i386\smashlck.tmp -D_X86_=1 -Di386=1  -DSTD_CALL -DCONDITION_HANDLING=1 -DNT_UP=1  -DNT_INST=0 -DWIN32=100 -D_NT1X_=100 -DWINNT=1 -D_WIN32_WINNT=0x0400    -DWIN32_LEAN_AND_MEAN=1 -DDEVL=1 -DFPO=1    -DNDEBUG  -DSUPPORT_MIXED_INTEGER=1   -ID:\nt\private\ntos\inc -ID:\nt\private\windows\setup\inc -ID:\nt\public\oak\inc -ID:\nt\public\sdk\inc -ID:\nt\public\sdk\inc\crt .\smashlck.rc
CVTRES : fatal error CVT1101: cannot open obj\i386\smashlck.tmp for reading
Could Not Find D:\NT\private\sdktools\imagehlp\obj\i386\smashlck.tmp
	rc -l 409 -z "MS Sans Serif,Helv/MS Shell Dlg"  -r -fo obj\i386\splitsym.tmp -D_X86_=1 -Di386=1  -DSTD_CALL -DCONDITION_HANDLING=1 -DNT_UP=1  -DNT_INST=0 -DWIN32=100 -D_NT1X_=100 -DWINNT=1 -D_WIN32_WINNT=0x0400    -DWIN32_LEAN_AND_MEAN=1 -DDEVL=1 -DFPO=1    -DNDEBUG  -DSUPPORT_MIXED_INTEGER=1   -ID:\nt\private\ntos\inc -ID:\nt\private\windows\setup\inc -ID:\nt\public\oak\inc -ID:\nt\public\sdk\inc -ID:\nt\public\sdk\inc\crt .\splitsym.rc
CVTRES : fatal error CVT1101: cannot open obj\i386\splitsym.tmp for reading
Could Not Find D:\NT\private\sdktools\imagehlp\obj\i386\splitsym.tmp
	rc -l 409 -z "MS Sans Serif,Helv/MS Shell Dlg"  -r -fo obj\i386\stripcv.tmp -D_X86_=1 -Di386=1  -DSTD_CALL -DCONDITION_HANDLING=1 -DNT_UP=1  -DNT_INST=0 -DWIN32=100 -D_NT1X_=100 -DWINNT=1 -D_WIN32_WINNT=0x0400    -DWIN32_LEAN_AND_MEAN=1 -DDEVL=1 -DFPO=1    -DNDEBUG  -DSUPPORT_MIXED_INTEGER=1   -ID:\nt\private\ntos\inc -ID:\nt\private\windows\setup\inc -ID:\nt\public\oak\inc -ID:\nt\public\sdk\inc -ID:\nt\public\sdk\inc\crt .\stripcv.rc
CVTRES : fatal error CVT1101: cannot open obj\i386\stripcv.tmp for reading
Could Not Find D:\NT\private\sdktools\imagehlp\obj\i386\stripcv.tmp
	rc -l 409 -z "MS Sans Serif,Helv/MS Shell Dlg"  -r -fo obj\i386\undname.tmp -D_X86_=1 -Di386=1  -DSTD_CALL -DCONDITION_HANDLING=1 -DNT_UP=1  -DNT_INST=0 -DWIN32=100 -D_NT1X_=100 -DWINNT=1 -D_WIN32_WINNT=0x0400    -DWIN32_LEAN_AND_MEAN=1 -DDEVL=1 -DFPO=1    -DNDEBUG  -DSUPPORT_MIXED_INTEGER=1   -ID:\nt\private\ntos\inc -ID:\nt\private\windows\setup\inc -ID:\nt\public\oak\inc -ID:\nt\public\sdk\inc -ID:\nt\public\sdk\inc\crt .\undname.rc
CVTRES : fatal error CVT1101: cannot open obj\i386\undname.tmp for reading
Could Not Find D:\NT\private\sdktools\imagehlp\obj\i386\undname.tmp
	rc -l 409 -z "MS Sans Serif,Helv/MS Shell Dlg"  -r -fo obj\i386\upddbg.tmp -D_X86_=1 -Di386=1  -DSTD_CALL -DCONDITION_HANDLING=1 -DNT_UP=1  -DNT_INST=0 -DWIN32=100 -D_NT1X_=100 -DWINNT=1 -D_WIN32_WINNT=0x0400    -DWIN32_LEAN_AND_MEAN=1 -DDEVL=1 -DFPO=1    -DNDEBUG  -DSUPPORT_MIXED_INTEGER=1   -ID:\nt\private\ntos\inc -ID:\nt\private\windows\setup\inc -ID:\nt\public\oak\inc -ID:\nt\public\sdk\inc -ID:\nt\public\sdk\inc\crt .\upddbg.rc
CVTRES : fatal error CVT1101: cannot open obj\i386\upddbg.tmp for reading
Could Not Find D:\NT\private\sdktools\imagehlp\obj\i386\upddbg.tmp
	rc -l 409 -z "MS Sans Serif,Helv/MS Shell Dlg"  -r -fo obj\i386\verfix.tmp -D_X86_=1 -Di386=1  -DSTD_CALL -DCONDITION_HANDLING=1 -DNT_UP=1  -DNT_INST=0 -DWIN32=100 -D_NT1X_=100 -DWINNT=1 -D_WIN32_WINNT=0x0400    -DWIN32_LEAN_AND_MEAN=1 -DDEVL=1 -DFPO=1    -DNDEBUG  -DSUPPORT_MIXED_INTEGER=1   -ID:\nt\private\ntos\inc -ID:\nt\private\windows\setup\inc -ID:\nt\public\oak\inc -ID:\nt\public\sdk\inc -ID:\nt\public\sdk\inc\crt .\verfix.rc
CVTRES : fatal error CVT1101: cannot open obj\i386\verfix.tmp for reading
Could Not Find D:\NT\private\sdktools\imagehlp\obj\i386\verfix.tmp
cl -nologo -Ii386\ -I. -ID:\nt\private\ntos\inc -ID:\nt\private\windows\setup\inc -ID:\nt\public\oak\inc -ID:\nt\public\sdk\inc -ID:\nt\public\sdk\inc\crt -D_X86_=1 -Di386=1  -DSTD_CALL -DCONDITION_HANDLING=1 -DNT_UP=1  -DNT_INST=0 -DWIN32=100 -D_NT1X_=100 -DWINNT=1 -D_WIN32_WINNT=0x0400    -DWIN32_LEAN_AND_MEAN=1 -DDEVL=1 -DFPO=1    -DNDEBUG  -DSUPPORT_MIXED_INTEGER=1     /c /Zel /Zp8 /Gy  /W3 /WX /Gz  /QIfdiv- /QIf /QI0f /GB /Gi- /Gm- /GX-  /GR- /GF -Z7 /Oxs /Oy   -FID:\nt\public\sdk\inc\warning.h  .\bindi.c
cl -nologo -Ii386\ -I. -ID:\nt\private\ntos\inc -ID:\nt\private\windows\setup\inc -ID:\nt\public\oak\inc -ID:\nt\public\sdk\inc -ID:\nt\public\sdk\inc\crt -D_X86_=1 -Di386=1  -DSTD_CALL -DCONDITION_HANDLING=1 -DNT_UP=1  -DNT_INST=0 -DWIN32=100 -D_NT1X_=100 -DWINNT=1 -D_WIN32_WINNT=0x0400    -DWIN32_LEAN_AND_MEAN=1 -DDEVL=1 -DFPO=1    -DNDEBUG  -DSUPPORT_MIXED_INTEGER=1     /c /Zel /Zp8 /Gy  /W3 /WX /Gz  /QIfdiv- /QIf /QI0f /GB /Gi- /Gm- /GX-  /GR- /GF -Z7 /Oxs /Oy   -FID:\nt\public\sdk\inc\warning.h  .\checksum.c
cl -nologo -Ii386\ -I. -ID:\nt\private\ntos\inc -ID:\nt\private\windows\setup\inc -ID:\nt\public\oak\inc -ID:\nt\public\sdk\inc -ID:\nt\public\sdk\inc\crt -D_X86_=1 -Di386=1  -DSTD_CALL -DCONDITION_HANDLING=1 -DNT_UP=1  -DNT_INST=0 -DWIN32=100 -D_NT1X_=100 -DWINNT=1 -D_WIN32_WINNT=0x0400    -DWIN32_LEAN_AND_MEAN=1 -DDEVL=1 -DFPO=1    -DNDEBUG  -DSUPPORT_MIXED_INTEGER=1     /c /Zel /Zp8 /Gy  /W3 /WX /Gz  /QIfdiv- /QIf /QI0f /GB /Gi- /Gm- /GX-  /GR- /GF -Z7 /Oxs /Oy   -FID:\nt\public\sdk\inc\warning.h  .\dbgexts.c
cl -nologo -Ii386\ -I. -ID:\nt\private\ntos\inc -ID:\nt\private\windows\setup\inc -ID:\nt\public\oak\inc -ID:\nt\public\sdk\inc -ID:\nt\public\sdk\inc\crt -D_X86_=1 -Di386=1  -DSTD_CALL -DCONDITION_HANDLING=1 -DNT_UP=1  -DNT_INST=0 -DWIN32=100 -D_NT1X_=100 -DWINNT=1 -D_WIN32_WINNT=0x0400    -DWIN32_LEAN_AND_MEAN=1 -DDEVL=1 -DFPO=1    -DNDEBUG  -DSUPPORT_MIXED_INTEGER=1     /c /Zel /Zp8 /Gy  /W3 /WX /Gz  /QIfdiv- /QIf /QI0f /GB /Gi- /Gm- /GX-  /GR- /GF -Z7 /Oxs /Oy   -FID:\nt\public\sdk\inc\warning.h  .\debug.c
cl -nologo -Ii386\ -I. -ID:\nt\private\ntos\inc -ID:\nt\private\windows\setup\inc -ID:\nt\public\oak\inc -ID:\nt\public\sdk\inc -ID:\nt\public\sdk\inc\crt -D_X86_=1 -Di386=1  -DSTD_CALL -DCONDITION_HANDLING=1 -DNT_UP=1  -DNT_INST=0 -DWIN32=100 -D_NT1X_=100 -DWINNT=1 -D_WIN32_WINNT=0x0400    -DWIN32_LEAN_AND_MEAN=1 -DDEVL=1 -DFPO=1    -DNDEBUG  -DSUPPORT_MIXED_INTEGER=1     /c /Zel /Zp8 /Gy  /W3 /WX /Gz  /QIfdiv- /QIf /QI0f /GB /Gi- /Gm- /GX-  /GR- /GF -Z7 /Oxs /Oy   -FID:\nt\public\sdk\inc\warning.h  .\imagedir.c
cl -nologo -Ii386\ -I. -ID:\nt\private\ntos\inc -ID:\nt\private\windows\setup\inc -ID:\nt\public\oak\inc -ID:\nt\public\sdk\inc -ID:\nt\public\sdk\inc\crt -D_X86_=1 -Di386=1  -DSTD_CALL -DCONDITION_HANDLING=1 -DNT_UP=1  -DNT_INST=0 -DWIN32=100 -D_NT1X_=100 -DWINNT=1 -D_WIN32_WINNT=0x0400    -DWIN32_LEAN_AND_MEAN=1 -DDEVL=1 -DFPO=1    -DNDEBUG  -DSUPPORT_MIXED_INTEGER=1     /c /Zel /Zp8 /Gy  /W3 /WX /Gz  /QIfdiv- /QIf /QI0f /GB /Gi- /Gm- /GX-  /GR- /GF -Z7 /Oxs /Oy   -FID:\nt\public\sdk\inc\warning.h  .\imagehlp.c
cl -nologo -Ii386\ -I. -ID:\nt\private\ntos\inc -ID:\nt\private\windows\setup\inc -ID:\nt\public\oak\inc -ID:\nt\public\sdk\inc -ID:\nt\public\sdk\inc\crt -D_X86_=1 -Di386=1  -DSTD_CALL -DCONDITION_HANDLING=1 -DNT_UP=1  -DNT_INST=0 -DWIN32=100 -D_NT1X_=100 -DWINNT=1 -D_WIN32_WINNT=0x0400    -DWIN32_LEAN_AND_MEAN=1 -DDEVL=1 -DFPO=1    -DNDEBUG  -DSUPPORT_MIXED_INTEGER=1     /c /Zel /Zp8 /Gy  /W3 /WX /Gz  /QIfdiv- /QIf /QI0f /GB /Gi- /Gm- /GX-  /GR- /GF -Z7 /Oxs /Oy   -FID:\nt\public\sdk\inc\warning.h  .\map.c
cl -nologo -Ii386\ -I. -ID:\nt\private\ntos\inc -ID:\nt\private\windows\setup\inc -ID:\nt\public\oak\inc -ID:\nt\public\sdk\inc -ID:\nt\public\sdk\inc\crt -D_X86_=1 -Di386=1  -DSTD_CALL -DCONDITION_HANDLING=1 -DNT_UP=1  -DNT_INST=0 -DWIN32=100 -D_NT1X_=100 -DWINNT=1 -D_WIN32_WINNT=0x0400    -DWIN32_LEAN_AND_MEAN=1 -DDEVL=1 -DFPO=1    -DNDEBUG  -DSUPPORT_MIXED_INTEGER=1     /c /Zel /Zp8 /Gy  /W3 /WX /Gz  /QIfdiv- /QIf /QI0f /GB /Gi- /Gm- /GX-  /GR- /GF -Z7 /Oxs /Oy   -FID:\nt\public\sdk\inc\warning.h  .\pdb.c
cl -nologo -Ii386\ -I. -ID:\nt\private\ntos\inc -ID:\nt\private\windows\setup\inc -ID:\nt\public\oak\inc -ID:\nt\public\sdk\inc -ID:\nt\public\sdk\inc\crt -D_X86_=1 -Di386=1  -DSTD_CALL -DCONDITION_HANDLING=1 -DNT_UP=1  -DNT_INST=0 -DWIN32=100 -D_NT1X_=100 -DWINNT=1 -D_WIN32_WINNT=0x0400    -DWIN32_LEAN_AND_MEAN=1 -DDEVL=1 -DFPO=1    -DNDEBUG  -DSUPPORT_MIXED_INTEGER=1     /c /Zel /Zp8 /Gy  /W3 /WX /Gz  /QIfdiv- /QIf /QI0f /GB /Gi- /Gm- /GX-  /GR- /GF -Z7 /Oxs /Oy   -FID:\nt\public\sdk\inc\warning.h  .\rebasei.c
cl -nologo -Ii386\ -I. -ID:\nt\private\ntos\inc -ID:\nt\private\windows\setup\inc -ID:\nt\public\oak\inc -ID:\nt\public\sdk\inc -ID:\nt\public\sdk\inc\crt -D_X86_=1 -Di386=1  -DSTD_CALL -DCONDITION_HANDLING=1 -DNT_UP=1  -DNT_INST=0 -DWIN32=100 -D_NT1X_=100 -DWINNT=1 -D_WIN32_WINNT=0x0400    -DWIN32_LEAN_AND_MEAN=1 -DDEVL=1 -DFPO=1    -DNDEBUG  -DSUPPORT_MIXED_INTEGER=1     /c /Zel /Zp8 /Gy  /W3 /WX /Gz  /QIfdiv- /QIf /QI0f /GB /Gi- /Gm- /GX-  /GR- /GF -Z7 /Oxs /Oy   -FID:\nt\public\sdk\inc\warning.h  .\symbols.c
cl -nologo -Ii386\ -I. -ID:\nt\private\ntos\inc -ID:\nt\private\windows\setup\inc -ID:\nt\public\oak\inc -ID:\nt\public\sdk\inc -ID:\nt\public\sdk\inc\crt -D_X86_=1 -Di386=1  -DSTD_CALL -DCONDITION_HANDLING=1 -DNT_UP=1  -DNT_INST=0 -DWIN32=100 -D_NT1X_=100 -DWINNT=1 -D_WIN32_WINNT=0x0400    -DWIN32_LEAN_AND_MEAN=1 -DDEVL=1 -DFPO=1    -DNDEBUG  -DSUPPORT_MIXED_INTEGER=1     /c /Zel /Zp8 /Gy  /W3 /WX /Gz  /QIfdiv- /QIf /QI0f /GB /Gi- /Gm- /GX-  /GR- /GF -Z7 /Oxs /Oy   -FID:\nt\public\sdk\inc\warning.h  .\symbolsp.c
cl -nologo -Ii386\ -I. -ID:\nt\private\ntos\inc -ID:\nt\private\windows\setup\inc -ID:\nt\public\oak\inc -ID:\nt\public\sdk\inc -ID:\nt\public\sdk\inc\crt -D_X86_=1 -Di386=1  -DSTD_CALL -DCONDITION_HANDLING=1 -DNT_UP=1  -DNT_INST=0 -DWIN32=100 -D_NT1X_=100 -DWINNT=1 -D_WIN32_WINNT=0x0400    -DWIN32_LEAN_AND_MEAN=1 -DDEVL=1 -DFPO=1    -DNDEBUG  -DSUPPORT_MIXED_INTEGER=1     /c /Zel /Zp8 /Gy  /W3 /WX /Gz  /QIfdiv- /QIf /QI0f /GB /Gi- /Gm- /GX-  /GR- /GF -Z7 /Oxs /Oy   -FID:\nt\public\sdk\inc\warning.h  .\walk.c
cl -nologo -Ii386\ -I. -ID:\nt\private\ntos\inc -ID:\nt\private\windows\setup\inc -ID:\nt\public\oak\inc -ID:\nt\public\sdk\inc -ID:\nt\public\sdk\inc\crt -D_X86_=1 -Di386=1  -DSTD_CALL -DCONDITION_HANDLING=1 -DNT_UP=1  -DNT_INST=0 -DWIN32=100 -D_NT1X_=100 -DWINNT=1 -D_WIN32_WINNT=0x0400    -DWIN32_LEAN_AND_MEAN=1 -DDEVL=1 -DFPO=1    -DNDEBUG  -DSUPPORT_MIXED_INTEGER=1     /c /Zel /Zp8 /Gy  /W3 /WX /Gz  /QIfdiv- /QIf /QI0f /GB /Gi- /Gm- /GX-  /GR- /GF -Z7 /Oxs /Oy   -FID:\nt\public\sdk\inc\warning.h  .\walkx86.c
cl -nologo -Ii386\ -I. -ID:\nt\private\ntos\inc -ID:\nt\private\windows\setup\inc -ID:\nt\public\oak\inc -ID:\nt\public\sdk\inc -ID:\nt\public\sdk\inc\crt -D_X86_=1 -Di386=1  -DSTD_CALL -DCONDITION_HANDLING=1 -DNT_UP=1  -DNT_INST=0 -DWIN32=100 -D_NT1X_=100 -DWINNT=1 -D_WIN32_WINNT=0x0400    -DWIN32_LEAN_AND_MEAN=1 -DDEVL=1 -DFPO=1    -DNDEBUG  -DSUPPORT_MIXED_INTEGER=1     /c /Zel /Zp8 /Gy  /W3 /WX /Gz  /QIfdiv- /QIf /QI0f /GB /Gi- /Gm- /GX-  /GR- /GF -Z7 /Oxs /Oy   -FID:\nt\public\sdk\inc\warning.h  .\walkmip.c
cl -nologo -Ii386\ -I. -ID:\nt\private\ntos\inc -ID:\nt\private\windows\setup\inc -ID:\nt\public\oak\inc -ID:\nt\public\sdk\inc -ID:\nt\public\sdk\inc\crt -D_X86_=1 -Di386=1  -DSTD_CALL -DCONDITION_HANDLING=1 -DNT_UP=1  -DNT_INST=0 -DWIN32=100 -D_NT1X_=100 -DWINNT=1 -D_WIN32_WINNT=0x0400    -DWIN32_LEAN_AND_MEAN=1 -DDEVL=1 -DFPO=1    -DNDEBUG  -DSUPPORT_MIXED_INTEGER=1     /c /Zel /Zp8 /Gy  /W3 /WX /Gz  /QIfdiv- /QIf /QI0f /GB /Gi- /Gm- /GX-  /GR- /GF -Z7 /Oxs /Oy   -FID:\nt\public\sdk\inc\warning.h  .\walkalp.c
cl -nologo -Ii386\ -I. -ID:\nt\private\ntos\inc -ID:\nt\private\windows\setup\inc -ID:\nt\public\oak\inc -ID:\nt\public\sdk\inc -ID:\nt\public\sdk\inc\crt -D_X86_=1 -Di386=1  -DSTD_CALL -DCONDITION_HANDLING=1 -DNT_UP=1  -DNT_INST=0 -DWIN32=100 -D_NT1X_=100 -DWINNT=1 -D_WIN32_WINNT=0x0400    -DWIN32_LEAN_AND_MEAN=1 -DDEVL=1 -DFPO=1    -DNDEBUG  -DSUPPORT_MIXED_INTEGER=1     /c /Zel /Zp8 /Gy  /W3 /WX /Gz  /QIfdiv- /QIf /QI0f /GB /Gi- /Gm- /GX-  /GR- /GF -Z7 /Oxs /Oy   -FID:\nt\public\sdk\inc\warning.h  .\walkppc.c
cl -nologo -Ii386\ -I. -ID:\nt\private\ntos\inc -ID:\nt\private\windows\setup\inc -ID:\nt\public\oak\inc -ID:\nt\public\sdk\inc -ID:\nt\public\sdk\inc\crt -D_X86_=1 -Di386=1  -DSTD_CALL -DCONDITION_HANDLING=1 -DNT_UP=1  -DNT_INST=0 -DWIN32=100 -D_NT1X_=100 -DWINNT=1 -D_WIN32_WINNT=0x0400    -DWIN32_LEAN_AND_MEAN=1 -DDEVL=1 -DFPO=1    -DNDEBUG  -DSUPPORT_MIXED_INTEGER=1     /c /Zel /Zp8 /Gy  /W3 /WX /Gz  /QIfdiv- /QIf /QI0f /GB /Gi- /Gm- /GX-  /GR- /GF -Z7 /Oxs /Oy   -FID:\nt\public\sdk\inc\warning.h  .\dice.cxx
cl -nologo -Ii386\ -I. -ID:\nt\private\ntos\inc -ID:\nt\private\windows\setup\inc -ID:\nt\public\oak\inc -ID:\nt\public\sdk\inc -ID:\nt\public\sdk\inc\crt -D_X86_=1 -Di386=1  -DSTD_CALL -DCONDITION_HANDLING=1 -DNT_UP=1  -DNT_INST=0 -DWIN32=100 -D_NT1X_=100 -DWINNT=1 -D_WIN32_WINNT=0x0400    -DWIN32_LEAN_AND_MEAN=1 -DDEVL=1 -DFPO=1    -DNDEBUG  -DSUPPORT_MIXED_INTEGER=1     /c /Zel /Zp8 /Gy  /W3 /WX /Gz  /QIfdiv- /QIf /QI0f /GB /Gi- /Gm- /GX-  /GR- /GF -Z7 /Oxs /Oy   -FID:\nt\public\sdk\inc\warning.h  .\undecsym.cxx
NMAKE :  U1073: don't know how to make 'D:\nt\public\sdk\lib\i386\libc.lib'
Stop.
BUILD: nmake.exe /c BUILDMSG=Stop. -i LINKONLY=1 NOPASS0=1 NTTEST= UMTEST= MAKEDLL=1 386=1 failed - rc = 2
