cvtres : error CVT1101: cannot open obj\i386\bind.tmp for reading
cvtres : error CVT1101: cannot open obj\i386\binplace.tmp for reading
cvtres : error CVT1101: cannot open obj\i386\certify.tmp for reading
cvtres : error CVT1101: cannot open obj\i386\checkfix.tmp for reading
cvtres : error CVT1101: cannot open obj\i386\dbgdump.tmp for reading
cvtres : error CVT1101: cannot open obj\i386\editsym.tmp for reading
cvtres : error CVT1101: cannot open obj\i386\imagecfg.tmp for reading
cvtres : error CVT1101: cannot open obj\i386\imagechk.tmp for reading
cvtres : error CVT1101: cannot open obj\i386\imagehlp.tmp for reading
cvtres : error CVT1101: cannot open obj\i386\impchk.tmp for reading
cvtres : error CVT1101: cannot open obj\i386\rebase.tmp for reading
cvtres : error CVT1101: cannot open obj\i386\smashlck.tmp for reading
cvtres : error CVT1101: cannot open obj\i386\splitsym.tmp for reading
cvtres : error CVT1101: cannot open obj\i386\stripcv.tmp for reading
cvtres : error CVT1101: cannot open obj\i386\undname.tmp for reading
cvtres : error CVT1101: cannot open obj\i386\upddbg.tmp for reading
cvtres : error CVT1101: cannot open obj\i386\verfix.tmp for reading
NMAKE :  U1073: don't know how to make 'D:\nt\public\sdk\lib\i386\libc.lib'
cvtres : error CVT1101: cannot open obj\i386\bind.tmp for reading
cvtres : error CVT1101: cannot open obj\i386\binplace.tmp for reading
cvtres : error CVT1101: cannot open obj\i386\certify.tmp for reading
cvtres : error CVT1101: cannot open obj\i386\checkfix.tmp for reading
cvtres : error CVT1101: cannot open obj\i386\dbgdump.tmp for reading
cvtres : error CVT1101: cannot open obj\i386\editsym.tmp for reading
cvtres : error CVT1101: cannot open obj\i386\imagecfg.tmp for reading
cvtres : error CVT1101: cannot open obj\i386\imagechk.tmp for reading
cvtres : error CVT1101: cannot open obj\i386\imagehlp.tmp for reading
cvtres : error CVT1101: cannot open obj\i386\impchk.tmp for reading
cvtres : error CVT1101: cannot open obj\i386\rebase.tmp for reading
cvtres : error CVT1101: cannot open obj\i386\smashlck.tmp for reading
cvtres : error CVT1101: cannot open obj\i386\splitsym.tmp for reading
cvtres : error CVT1101: cannot open obj\i386\stripcv.tmp for reading
cvtres : error CVT1101: cannot open obj\i386\undname.tmp for reading
cvtres : error CVT1101: cannot open obj\i386\upddbg.tmp for reading
cvtres : error CVT1101: cannot open obj\i386\verfix.tmp for reading
NMAKE :  U1073: don't know how to make 'D:\nt\public\sdk\lib\i386\libc.lib'
