Preparing index
Comparing Files

dispinterface IHTMLEventObj  - Removed

interface IHTMLEventObj  : stdole.IDispatch  - Removed

dispinterface IHTMLElement  - Removed

interface IHTMLElement  : stdole.IDispatch  - Removed

dispinterface IHTMLStyle  - Removed

interface IHTMLStyle  : stdole.IDispatch  - Removed

dispinterface IHTMLFiltersCollection  - Removed

interface IHTMLFiltersCollection  : stdole.IDispatch  - Removed

interface IElementBehaviorSite  : stdole.IUnknown  - Removed

interface IElementBehavior  : stdole.IUnknown  - Removed

interface IElementBehaviorFactory  : stdole.IUnknown  - Removed

interface IElementBehaviorSiteOM  : stdole.IUnknown  - Removed

interface IElementBehaviorRender  : stdole.IUnknown  - Removed

interface IElementBehaviorSiteRender  : stdole.IUnknown  - Removed

dispinterface IHTMLStyle2  - Removed

interface IHTMLStyle2  : stdole.IDispatch  - Removed

dispinterface IHTMLRuleStyle  - Removed

interface IHTMLRuleStyle  : stdole.IDispatch  - Removed

dispinterface IHTMLRuleStyle2  - Removed

interface IHTMLRuleStyle2  : stdole.IDispatch  - Removed

dispinterface DispHTMLStyle  - Removed

coclass HTMLStyle  - Removed

dispinterface DispHTMLRuleStyle  - Removed

coclass HTMLRuleStyle  - Removed

dispinterface IHTMLCurrentStyle  - Removed

interface IHTMLCurrentStyle  : stdole.IDispatch  - Removed

dispinterface DispHTMLCurrentStyle  - Removed

coclass HTMLCurrentStyle  - Removed

coclass HTMLFiltersCollection  - Removed

dispinterface IHTMLRect  - Removed

interface IHTMLRect  : stdole.IDispatch  - Removed

dispinterface IHTMLRectCollection  - Removed

interface IHTMLRectCollection  : stdole.IDispatch  - Removed

dispinterface IHTMLDOMNode  - Removed

interface IHTMLDOMNode  : stdole.IDispatch  - Removed

dispinterface IHTMLDOMAttribute  - Removed

interface IHTMLDOMAttribute  : stdole.IDispatch  - Removed

dispinterface IHTMLDOMTextNode  - Removed

interface IHTMLDOMTextNode  : stdole.IDispatch  - Removed

dispinterface DispHTMLDOMAttribute  - Removed

coclass HTMLDOMAttribute  - Removed

dispinterface DispHTMLDOMTextNode  - Removed

coclass HTMLDOMTextNode  - Removed

dispinterface IHTMLAttributeCollection  - Removed

interface IHTMLAttributeCollection  : stdole.IDispatch  - Removed

dispinterface IHTMLDOMChildrenCollection  - Removed

interface IHTMLDOMChildrenCollection  : stdole.IDispatch  - Removed

dispinterface DispHTMLAttributeCollection  - Removed

coclass HTMLAttributeCollection  - Removed

dispinterface DispDOMChildrenCollection  - Removed

coclass DOMChildrenCollection  - Removed

dispinterface HTMLElementEvents2  - Removed

dispinterface HTMLElementEvents  - Removed

dispinterface IHTMLElementCollection  - Removed

interface IHTMLElementCollection  : stdole.IDispatch  - Removed

dispinterface IHTMLElement2  - Removed

interface IHTMLElement2  : stdole.IDispatch  - Removed

dispinterface IHTMLUniqueName  - Removed

interface IHTMLUniqueName  : stdole.IDispatch  - Removed

dispinterface IHTMLDatabinding  - Removed

interface IHTMLDatabinding  : stdole.IDispatch  - Removed

dispinterface IHTCDefaultDispatch  - Removed

interface IHTCDefaultDispatch  : stdole.IDispatch  - Removed

dispinterface IHTCPropertyBehavior  - Removed

interface IHTCPropertyBehavior  : stdole.IDispatch  - Removed

dispinterface IHTCMethodBehavior  - Removed

interface IHTCMethodBehavior  : stdole.IDispatch  - Removed

dispinterface IHTCEventBehavior  - Removed

interface IHTCEventBehavior  : stdole.IDispatch  - Removed

dispinterface IHTCAttachBehavior  - Removed

interface IHTCAttachBehavior  : stdole.IDispatch  - Removed

dispinterface IHTCDescBehavior  - Removed

interface IHTCDescBehavior  : stdole.IDispatch  - Removed

dispinterface DispHTCDefaultDispatch  - Removed

coclass HTCDefaultDispatch  - Removed

dispinterface DispHTCPropertyBehavior  - Removed

coclass HTCPropertyBehavior  - Removed

dispinterface DispHTCMethodBehavior  - Removed

coclass HTCMethodBehavior  - Removed

dispinterface DispHTCEventBehavior  - Removed

coclass HTCEventBehavior  - Removed

dispinterface DispHTCAttachBehavior  - Removed

coclass HTCAttachBehavior  - Removed

dispinterface DispHTCDescBehavior  - Removed

coclass HTCDescBehavior  - Removed

dispinterface IHTMLUrnCollection  - Removed

interface IHTMLUrnCollection  : stdole.IDispatch  - Removed

coclass HTMLUrnCollection  - Removed

dispinterface IHTMLGenericElement  - Removed

interface IHTMLGenericElement  : stdole.IDispatch  - Removed

dispinterface DispHTMLGenericElement  - Removed

coclass HTMLGenericElement  - Removed

dispinterface IHTMLStyleSheetRule  - Removed

interface IHTMLStyleSheetRule  : stdole.IDispatch  - Removed

dispinterface IHTMLStyleSheetRulesCollection  - Removed

interface IHTMLStyleSheetRulesCollection  : stdole.IDispatch  - Removed

coclass HTMLStyleSheetRule  - Removed

coclass HTMLStyleSheetRulesCollection  - Removed

dispinterface IHTMLStyleSheetsCollection  - Removed

interface IHTMLStyleSheetsCollection  : stdole.IDispatch  - Removed

dispinterface IHTMLStyleSheet  - Removed

interface IHTMLStyleSheet  : stdole.IDispatch  - Removed

coclass HTMLStyleSheet  - Removed

coclass HTMLStyleSheetsCollection  - Removed

dispinterface HTMLLinkElementEvents2  - Removed

dispinterface HTMLLinkElementEvents  - Removed

dispinterface IHTMLLinkElement  - Removed

interface IHTMLLinkElement  : stdole.IDispatch  - Removed

dispinterface IHTMLLinkElement2  - Removed

interface IHTMLLinkElement2  : stdole.IDispatch  - Removed

dispinterface DispHTMLLinkElement  - Removed

coclass HTMLLinkElement  - Removed

dispinterface IHTMLTxtRange  - Removed

interface IHTMLTxtRange  : stdole.IDispatch  - Removed

dispinterface IHTMLTextRangeMetrics  - Removed

interface IHTMLTextRangeMetrics  : stdole.IDispatch  - Removed

dispinterface IHTMLTextRangeMetrics2  - Removed

interface IHTMLTextRangeMetrics2  : stdole.IDispatch  - Removed

dispinterface HTMLFormElementEvents2  - Removed

dispinterface HTMLFormElementEvents  - Removed

dispinterface IHTMLFormElement  - Removed

interface IHTMLFormElement  : stdole.IDispatch  - Removed

dispinterface IHTMLFormElement2  - Removed

interface IHTMLFormElement2  : stdole.IDispatch  - Removed

dispinterface DispHTMLFormElement  - Removed

coclass HTMLFormElement  - Removed

dispinterface HTMLControlElementEvents2  - Removed

dispinterface HTMLControlElementEvents  - Removed

dispinterface IHTMLControlElement  - Removed

interface IHTMLControlElement  : stdole.IDispatch  - Removed

dispinterface IHTMLTextElement  - Removed

interface IHTMLTextElement  : stdole.IDispatch  - Removed

dispinterface DispHTMLTextElement  - Removed

coclass HTMLTextElement  - Removed

dispinterface HTMLTextContainerEvents2  - Removed

dispinterface HTMLTextContainerEvents  - Removed

dispinterface IHTMLTextContainer  - Removed

interface IHTMLTextContainer  : stdole.IDispatch  - Removed

dispinterface IHTMLControlRange  - Removed

interface IHTMLControlRange  : stdole.IDispatch  - Removed

dispinterface HTMLImgEvents2  - Removed

dispinterface HTMLImgEvents  - Removed

dispinterface IHTMLImgElement  - Removed

interface IHTMLImgElement  : stdole.IDispatch  - Removed

dispinterface IHTMLImageElementFactory  - Removed

interface IHTMLImageElementFactory  : stdole.IDispatch  - Removed

dispinterface DispHTMLImg  - Removed

coclass HTMLImg  - Removed

coclass HTMLImageElementFactory  - Removed

dispinterface IHTMLBodyElement  - Removed

interface IHTMLBodyElement  : stdole.IDispatch  - Removed

dispinterface IHTMLBodyElement2  - Removed

interface IHTMLBodyElement2  : stdole.IDispatch  - Removed

dispinterface DispHTMLBody  - Removed

coclass HTMLBody  - Removed

dispinterface IHTMLFontElement  - Removed

interface IHTMLFontElement  : stdole.IDispatch  - Removed

dispinterface DispHTMLFontElement  - Removed

coclass HTMLFontElement  - Removed

dispinterface HTMLAnchorEvents2  - Removed

dispinterface HTMLAnchorEvents  - Removed

dispinterface IHTMLAnchorElement  - Removed

interface IHTMLAnchorElement  : stdole.IDispatch  - Removed

dispinterface DispHTMLAnchorElement  - Removed

coclass HTMLAnchorElement  - Removed

dispinterface HTMLLabelEvents2  - Removed

dispinterface HTMLLabelEvents  - Removed

dispinterface IHTMLLabelElement  - Removed

interface IHTMLLabelElement  : stdole.IDispatch  - Removed

dispinterface DispHTMLLabelElement  - Removed

coclass HTMLLabelElement  - Removed

dispinterface IHTMLListElement  - Removed

interface IHTMLListElement  : stdole.IDispatch  - Removed

dispinterface DispHTMLListElement  - Removed

coclass HTMLListElement  - Removed

dispinterface IHTMLUListElement  - Removed

interface IHTMLUListElement  : stdole.IDispatch  - Removed

dispinterface DispHTMLUListElement  - Removed

coclass HTMLUListElement  - Removed

dispinterface IHTMLOListElement  - Removed

interface IHTMLOListElement  : stdole.IDispatch  - Removed

dispinterface DispHTMLOListElement  - Removed

coclass HTMLOListElement  - Removed

dispinterface IHTMLLIElement  - Removed

interface IHTMLLIElement  : stdole.IDispatch  - Removed

dispinterface DispHTMLLIElement  - Removed

coclass HTMLLIElement  - Removed

dispinterface IHTMLBlockElement  - Removed

interface IHTMLBlockElement  : stdole.IDispatch  - Removed

dispinterface DispHTMLBlockElement  - Removed

coclass HTMLBlockElement  - Removed

dispinterface IHTMLDivElement  - Removed

interface IHTMLDivElement  : stdole.IDispatch  - Removed

dispinterface DispHTMLDivElement  - Removed

coclass HTMLDivElement  - Removed

dispinterface IHTMLDDElement  - Removed

interface IHTMLDDElement  : stdole.IDispatch  - Removed

dispinterface DispHTMLDDElement  - Removed

coclass HTMLDDElement  - Removed

dispinterface IHTMLDTElement  - Removed

interface IHTMLDTElement  : stdole.IDispatch  - Removed

dispinterface DispHTMLDTElement  - Removed

coclass HTMLDTElement  - Removed

dispinterface IHTMLBRElement  - Removed

interface IHTMLBRElement  : stdole.IDispatch  - Removed

dispinterface DispHTMLBRElement  - Removed

coclass HTMLBRElement  - Removed

dispinterface IHTMLDListElement  - Removed

interface IHTMLDListElement  : stdole.IDispatch  - Removed

dispinterface DispHTMLDListElement  - Removed

coclass HTMLDListElement  - Removed

dispinterface IHTMLHRElement  - Removed

interface IHTMLHRElement  : stdole.IDispatch  - Removed

dispinterface DispHTMLHRElement  - Removed

coclass HTMLHRElement  - Removed

dispinterface IHTMLParaElement  - Removed

interface IHTMLParaElement  : stdole.IDispatch  - Removed

dispinterface DispHTMLParaElement  - Removed

coclass HTMLParaElement  - Removed

dispinterface IHTMLElementCollection2  - Removed

interface IHTMLElementCollection2  : stdole.IDispatch  - Removed

dispinterface DispHTMLElementCollection  - Removed

coclass HTMLElementCollection  - Removed

dispinterface IHTMLHeaderElement  - Removed

interface IHTMLHeaderElement  : stdole.IDispatch  - Removed

dispinterface DispHTMLHeaderElement  - Removed

coclass HTMLHeaderElement  - Removed

dispinterface HTMLSelectElementEvents2  - Removed

dispinterface HTMLSelectElementEvents  - Removed

dispinterface IHTMLSelectElement  - Removed

interface IHTMLSelectElement  : stdole.IDispatch  - Removed

dispinterface IHTMLSelectElement2  - Removed

interface IHTMLSelectElement2  : stdole.IDispatch  - Removed

dispinterface DispHTMLSelectElement  - Removed

coclass HTMLSelectElement  - Removed

dispinterface IHTMLSelectionObject  - Removed

interface IHTMLSelectionObject  : stdole.IDispatch  - Removed

dispinterface IHTMLOptionElement  - Removed

interface IHTMLOptionElement  : stdole.IDispatch  - Removed

dispinterface IHTMLOptionElementFactory  - Removed

interface IHTMLOptionElementFactory  : stdole.IDispatch  - Removed

dispinterface DispHTMLOptionElement  - Removed

coclass HTMLOptionElement  - Removed

coclass HTMLOptionElementFactory  - Removed

dispinterface HTMLButtonElementEvents2  - Removed

dispinterface HTMLButtonElementEvents  - Removed

dispinterface HTMLInputTextElementEvents2  - Removed

dispinterface HTMLOptionButtonElementEvents2  - Removed

dispinterface HTMLInputFileElementEvents2  - Removed

dispinterface HTMLInputImageEvents2  - Removed

dispinterface HTMLInputTextElementEvents  - Removed

dispinterface HTMLOptionButtonElementEvents  - Removed

dispinterface HTMLInputFileElementEvents  - Removed

dispinterface HTMLInputImageEvents  - Removed

dispinterface IHTMLInputElement  - Removed

interface IHTMLInputElement  : stdole.IDispatch  - Removed

dispinterface IHTMLInputButtonElement  - Removed

interface IHTMLInputButtonElement  : stdole.IDispatch  - Removed

dispinterface IHTMLInputHiddenElement  - Removed

interface IHTMLInputHiddenElement  : stdole.IDispatch  - Removed

dispinterface IHTMLInputTextElement  - Removed

interface IHTMLInputTextElement  : stdole.IDispatch  - Removed

dispinterface IHTMLInputFileElement  - Removed

interface IHTMLInputFileElement  : stdole.IDispatch  - Removed

dispinterface IHTMLOptionButtonElement  - Removed

interface IHTMLOptionButtonElement  : stdole.IDispatch  - Removed

dispinterface IHTMLInputImage  - Removed

interface IHTMLInputImage  : stdole.IDispatch  - Removed

dispinterface DispHTMLInputElement  - Removed

coclass HTMLInputElement  - Removed

dispinterface IHTMLTextAreaElement  - Removed

interface IHTMLTextAreaElement  : stdole.IDispatch  - Removed

dispinterface DispHTMLTextAreaElement  - Removed

coclass HTMLTextAreaElement  - Removed

dispinterface DispHTMLRichtextElement  - Removed

coclass HTMLRichtextElement  - Removed

dispinterface IHTMLButtonElement  - Removed

interface IHTMLButtonElement  : stdole.IDispatch  - Removed

dispinterface DispHTMLButtonElement  - Removed

coclass HTMLButtonElement  - Removed

dispinterface HTMLMarqueeElementEvents2  - Removed

dispinterface HTMLMarqueeElementEvents  - Removed

dispinterface IHTMLMarqueeElement  - Removed

interface IHTMLMarqueeElement  : stdole.IDispatch  - Removed

dispinterface DispHTMLMarqueeElement  - Removed

coclass HTMLMarqueeElement  - Removed

dispinterface IHTMLTitleElement  - Removed

interface IHTMLTitleElement  : stdole.IDispatch  - Removed

dispinterface IHTMLMetaElement  - Removed

interface IHTMLMetaElement  : stdole.IDispatch  - Removed

dispinterface IHTMLBaseElement  - Removed

interface IHTMLBaseElement  : stdole.IDispatch  - Removed

dispinterface IHTMLIsIndexElement  - Removed

interface IHTMLIsIndexElement  : stdole.IDispatch  - Removed

dispinterface IHTMLNextIdElement  - Removed

interface IHTMLNextIdElement  : stdole.IDispatch  - Removed

dispinterface DispHTMLHtmlElement  - Removed

coclass HTMLHtmlElement  - Removed

dispinterface DispHTMLHeadElement  - Removed

coclass HTMLHeadElement  - Removed

dispinterface DispHTMLTitleElement  - Removed

coclass HTMLTitleElement  - Removed

dispinterface DispHTMLMetaElement  - Removed

coclass HTMLMetaElement  - Removed

dispinterface DispHTMLBaseElement  - Removed

coclass HTMLBaseElement  - Removed

dispinterface DispHTMLIsIndexElement  - Removed

coclass HTMLIsIndexElement  - Removed

dispinterface DispHTMLNextIdElement  - Removed

coclass HTMLNextIdElement  - Removed

dispinterface IHTMLBaseFontElement  - Removed

interface IHTMLBaseFontElement  : stdole.IDispatch  - Removed

dispinterface DispHTMLBaseFontElement  - Removed

coclass HTMLBaseFontElement  - Removed

dispinterface IHTMLUnknownElement  - Removed

interface IHTMLUnknownElement  : stdole.IDispatch  - Removed

dispinterface DispHTMLUnknownElement  - Removed

coclass HTMLUnknownElement  - Removed

dispinterface IOmHistory  - Removed

interface IOmHistory  : stdole.IDispatch  - Removed

dispinterface IHTMLMimeTypesCollection  - Removed

interface IHTMLMimeTypesCollection  : stdole.IDispatch  - Removed

dispinterface IHTMLPluginsCollection  - Removed

interface IHTMLPluginsCollection  : stdole.IDispatch  - Removed

dispinterface IHTMLOpsProfile  - Removed

interface IHTMLOpsProfile  : stdole.IDispatch  - Removed

dispinterface IOmNavigator  - Removed

interface IOmNavigator  : stdole.IDispatch  - Removed

dispinterface IHTMLLocation  - Removed

interface IHTMLLocation  : stdole.IDispatch  - Removed

coclass HTMLHistory  - Removed

coclass CMimeTypes  - Removed

coclass CPlugins  - Removed

coclass COpsProfile  - Removed

coclass HTMLNavigator  - Removed

coclass HTMLLocation  - Removed

dispinterface IHTMLBookmarkCollection  - Removed

interface IHTMLBookmarkCollection  : stdole.IDispatch  - Removed

dispinterface IHTMLDataTransfer  - Removed

interface IHTMLDataTransfer  : stdole.IDispatch  - Removed

dispinterface IHTMLEventObj2  - Removed

interface IHTMLEventObj2  : stdole.IDispatch  - Removed

dispinterface DispCEventObj  - Removed

coclass CEventObj  - Removed

dispinterface HTMLWindowEvents2  - Removed

dispinterface HTMLWindowEvents  - Removed

dispinterface IHTMLDocument  - Removed

interface IHTMLDocument  : stdole.IDispatch  - Removed

dispinterface IHTMLDocument2  - Removed

interface IHTMLDocument2  : IHTMLDocument  - Removed

dispinterface IHTMLFramesCollection2  - Removed

interface IHTMLFramesCollection2  : stdole.IDispatch  - Removed

dispinterface IHTMLWindow2  - Removed

interface IHTMLWindow2  : IHTMLFramesCollection2  - Removed

dispinterface IHTMLScreen  - Removed

interface IHTMLScreen  : stdole.IDispatch  - Removed

dispinterface IHTMLWindow3  - Removed

interface IHTMLWindow3  : stdole.IDispatch  - Removed

coclass HTMLScreen  - Removed

dispinterface DispHTMLWindow2  - Removed

coclass HTMLWindow2  - Removed

dispinterface DispHTMLWindowProxy  - Removed

coclass HTMLWindowProxy  - Removed

dispinterface HTMLDocumentEvents2  - Removed

dispinterface HTMLDocumentEvents  - Removed

dispinterface IHTMLDocument3  - Removed

interface IHTMLDocument3  : stdole.IDispatch  - Removed

dispinterface DispHTMLDocument  - Removed

coclass HTMLDocument  - Removed

dispinterface IHTMLDocumentFragment  - Removed

interface IHTMLDocumentFragment  : stdole.IDispatch  - Removed

dispinterface DispHTMLDocumentFragment  - Removed

coclass HTMLDocumentFragment  - Removed

dispinterface DWebBridgeEvents  - Removed

dispinterface IWebBridge  - Removed

interface IWebBridge  : stdole.IDispatch  - Removed

dispinterface IWBScriptControl  - Removed

interface IWBScriptControl  : stdole.IDispatch  - Removed

coclass Scriptlet  - Removed

dispinterface IHTMLEmbedElement  - Removed

interface IHTMLEmbedElement  : stdole.IDispatch  - Removed

dispinterface DispHTMLEmbed  - Removed

coclass HTMLEmbed  - Removed

dispinterface HTMLMapEvents2  - Removed

dispinterface HTMLMapEvents  - Removed

dispinterface IHTMLAreasCollection  - Removed

interface IHTMLAreasCollection  : stdole.IDispatch  - Removed

dispinterface IHTMLAreasCollection2  - Removed

interface IHTMLAreasCollection2  : stdole.IDispatch  - Removed

dispinterface IHTMLMapElement  - Removed

interface IHTMLMapElement  : stdole.IDispatch  - Removed

dispinterface DispHTMLAreasCollection  - Removed

coclass HTMLAreasCollection  - Removed

dispinterface DispHTMLMapElement  - Removed

coclass HTMLMapElement  - Removed

dispinterface HTMLAreaEvents2  - Removed

dispinterface HTMLAreaEvents  - Removed

dispinterface IHTMLAreaElement  - Removed

interface IHTMLAreaElement  : stdole.IDispatch  - Removed

dispinterface DispHTMLAreaElement  - Removed

coclass HTMLAreaElement  - Removed

dispinterface IHTMLTableCaption  - Removed

interface IHTMLTableCaption  : stdole.IDispatch  - Removed

dispinterface DispHTMLTableCaption  - Removed

coclass HTMLTableCaption  - Removed

dispinterface IHTMLCommentElement  - Removed

interface IHTMLCommentElement  : stdole.IDispatch  - Removed

dispinterface DispHTMLCommentElement  - Removed

coclass HTMLCommentElement  - Removed

dispinterface IHTMLPhraseElement  - Removed

interface IHTMLPhraseElement  : stdole.IDispatch  - Removed

dispinterface IHTMLSpanElement  - Removed

interface IHTMLSpanElement  : stdole.IDispatch  - Removed

dispinterface DispHTMLPhraseElement  - Removed

coclass HTMLPhraseElement  - Removed

dispinterface DispHTMLSpanElement  - Removed

coclass HTMLSpanElement  - Removed

dispinterface HTMLTableEvents2  - Removed

dispinterface HTMLTableEvents  - Removed

dispinterface IHTMLTableSection  - Removed

interface IHTMLTableSection  : stdole.IDispatch  - Removed

dispinterface IHTMLTable  - Removed

interface IHTMLTable  : stdole.IDispatch  - Removed

dispinterface IHTMLTable2  - Removed

interface IHTMLTable2  : stdole.IDispatch  - Removed

dispinterface IHTMLTableCol  - Removed

interface IHTMLTableCol  : stdole.IDispatch  - Removed

dispinterface IHTMLTableSection2  - Removed

interface IHTMLTableSection2  : stdole.IDispatch  - Removed

dispinterface IHTMLTableRow  - Removed

interface IHTMLTableRow  : stdole.IDispatch  - Removed

dispinterface IHTMLTableRow2  - Removed

interface IHTMLTableRow2  : stdole.IDispatch  - Removed

dispinterface IHTMLTableRowMetrics  - Removed

interface IHTMLTableRowMetrics  : stdole.IDispatch  - Removed

dispinterface IHTMLTableCell  - Removed

interface IHTMLTableCell  : stdole.IDispatch  - Removed

dispinterface DispHTMLTable  - Removed

coclass HTMLTable  - Removed

dispinterface DispHTMLTableCol  - Removed

coclass HTMLTableCol  - Removed

dispinterface DispHTMLTableSection  - Removed

coclass HTMLTableSection  - Removed

dispinterface DispHTMLTableRow  - Removed

coclass HTMLTableRow  - Removed

dispinterface DispHTMLTableCell  - Removed

coclass HTMLTableCell  - Removed

dispinterface HTMLScriptEvents2  - Removed

dispinterface HTMLScriptEvents  - Removed

dispinterface IHTMLScriptElement  - Removed

interface IHTMLScriptElement  : stdole.IDispatch  - Removed

dispinterface DispHTMLScriptElement  - Removed

coclass HTMLScriptElement  - Removed

dispinterface IHTMLNoShowElement  - Removed

interface IHTMLNoShowElement  : stdole.IDispatch  - Removed

dispinterface DispHTMLNoShowElement  - Removed

coclass HTMLNoShowElement  - Removed

dispinterface HTMLObjectElementEvents2  - Removed

dispinterface HTMLObjectElementEvents  - Removed

dispinterface IHTMLObjectElement  - Removed

interface IHTMLObjectElement  : stdole.IDispatch  - Removed

dispinterface IHTMLObjectElement2  - Removed

interface IHTMLObjectElement2  : stdole.IDispatch  - Removed

dispinterface DispHTMLObjectElement  - Removed

coclass HTMLObjectElement  - Removed

dispinterface IHTMLFrameBase  - Removed

interface IHTMLFrameBase  : stdole.IDispatch  - Removed

dispinterface DispHTMLFrameBase  - Removed

coclass HTMLFrameBase  - Removed

dispinterface IHTMLFrameElement  - Removed

interface IHTMLFrameElement  : stdole.IDispatch  - Removed

dispinterface DispHTMLFrameElement  - Removed

coclass HTMLFrameElement  - Removed

dispinterface IHTMLIFrameElement  - Removed

interface IHTMLIFrameElement  : stdole.IDispatch  - Removed

dispinterface IHTMLIFrameElement2  - Removed

interface IHTMLIFrameElement2  : stdole.IDispatch  - Removed

dispinterface DispHTMLIFrame  - Removed

coclass HTMLIFrame  - Removed

dispinterface IHTMLDivPosition  - Removed

interface IHTMLDivPosition  : stdole.IDispatch  - Removed

dispinterface IHTMLFieldSetElement  - Removed

interface IHTMLFieldSetElement  : stdole.IDispatch  - Removed

dispinterface IHTMLLegendElement  - Removed

interface IHTMLLegendElement  : stdole.IDispatch  - Removed

dispinterface DispHTMLDivPosition  - Removed

coclass HTMLDivPosition  - Removed

dispinterface DispHTMLFieldSetElement  - Removed

coclass HTMLFieldSetElement  - Removed

dispinterface DispHTMLLegendElement  - Removed

coclass HTMLLegendElement  - Removed

dispinterface IHTMLSpanFlow  - Removed

interface IHTMLSpanFlow  : stdole.IDispatch  - Removed

dispinterface DispHTMLSpanFlow  - Removed

coclass HTMLSpanFlow  - Removed

dispinterface IHTMLFrameSetElement  - Removed

interface IHTMLFrameSetElement  : stdole.IDispatch  - Removed

dispinterface IHTMLFrameSetElement2  - Removed

interface IHTMLFrameSetElement2  : stdole.IDispatch  - Removed

dispinterface DispHTMLFrameSetSite  - Removed

coclass HTMLFrameSetSite  - Removed

dispinterface IHTMLBGsound  - Removed

interface IHTMLBGsound  : stdole.IDispatch  - Removed

dispinterface DispHTMLBGsound  - Removed

coclass HTMLBGsound  - Removed

dispinterface IHTMLFontNamesCollection  - Removed

interface IHTMLFontNamesCollection  : stdole.IDispatch  - Removed

dispinterface IHTMLFontSizesCollection  - Removed

interface IHTMLFontSizesCollection  : stdole.IDispatch  - Removed

dispinterface IHTMLOptionsHolder  - Removed

interface IHTMLOptionsHolder  : stdole.IDispatch  - Removed

dispinterface HTMLStyleElementEvents2  - Removed

dispinterface HTMLStyleElementEvents  - Removed

dispinterface IHTMLStyleElement  - Removed

interface IHTMLStyleElement  : stdole.IDispatch  - Removed

dispinterface DispHTMLStyleElement  - Removed

coclass HTMLStyleElement  - Removed

dispinterface IHTMLStyleFontFace  - Removed

interface IHTMLStyleFontFace  : stdole.IDispatch  - Removed

coclass HTMLStyleFontFace  - Removed

interface ICSSFilterSite  : stdole.IUnknown  - Removed

interface IMarkupPointer  : stdole.IUnknown  - Removed

interface IMarkupContainer  : stdole.IUnknown  - Removed

interface IActiveIMMApp  : stdole.IUnknown  - Removed

interface IEnumRegisterWordA  : stdole.IUnknown  - Removed

interface IEnumRegisterWordW  : stdole.IUnknown  - Removed

interface IEnumInputContext  : stdole.IUnknown  - Removed

interface ICSSFilter  : stdole.IUnknown  - Removed

interface ISecureUrlHost  : stdole.IUnknown  - Removed

interface IMarkupServices  : stdole.IUnknown  - Removed

interface IMarkupTextFrags  : stdole.IUnknown  - Removed

interface IXMLGenericParse  : stdole.IUnknown  - Removed

dispinterface IHTMLDialog  - Removed

interface IHTMLDialog  : stdole.IDispatch  - Removed

dispinterface IHTMLDialog2  - Removed

interface IHTMLDialog2  : stdole.IDispatch  - Removed

dispinterface IHTMLModelessInit  - Removed

interface IHTMLModelessInit  : stdole.IDispatch  - Removed

coclass ThreadDialogProcParam  - Removed

coclass HTMLDialog  - Removed

dispinterface IHTMLAppBehavior  - Removed

interface IHTMLAppBehavior  : stdole.IDispatch  - Removed

dispinterface IHTMLAppBehavior2  - Removed

interface IHTMLAppBehavior2  : stdole.IDispatch  - Removed

dispinterface DispHTMLAppBehavior  - Removed

coclass HTMLAppBehavior  - Removed

coclass OldHTMLDocument  - Removed

coclass OldHTMLFormElement  - Removed

dispinterface DispIHTMLInputButtonElement  - Removed

coclass HTMLInputButtonElement  - Removed

dispinterface DispIHTMLInputTextElement  - Removed

coclass HTMLInputTextElement  - Removed

dispinterface DispIHTMLInputFileElement  - Removed

coclass HTMLInputFileElement  - Removed

dispinterface DispIHTMLOptionButtonElement  - Removed

coclass HTMLOptionButtonElement  - Removed

dispinterface DispIHTMLInputImage  - Removed

coclass htmlInputImage  - Removed
