Compiling d:\nt\private\sdktools\imagehlp.2k\dbghelp directory ********************
'nmake.exe /c BUILDMSG=Stop. -i NTTEST= UMTEST= NOLINK=1 386=1'
    rc -l 409 -z "MS Sans Serif,Helv/MS Shell Dlg"  -r -fo obj\i386\dbghelp.tmp -D_X86_=1 -Di386=1  -DSTD_CALL -DCONDITION_HANDLING=1 -DNT_UP=1  -DNT_INST=0 -DWIN32=100 -D_NT1X_=100 -DWINNT=1 -D_WIN32_WINNT=0x0400 -DWINVER=0x0400 -D_WIN32_IE=0x0300    -DWIN32_LEAN_AND_MEAN=1 -DDEVL=1 -DFPO=1    -DNDEBUG -D_DLL=1 -D_MT=1 /DBUILD_DBGHELP -DCC_CVTYPE32 -D_VC_VER_INC -DIMAGEHLPSRC   -I.. -ID:\nt\private\sdktools\vctools\pdb6\langapi\include -ID:\nt\public\oak\inc -ID:\nt\public\sdk\inc -ID:\nt\private\inc -ID:\nt\public\sdk\inc\crt ..\dbghelp.rc
CVTRES : fatal error CVT1101: cannot open obj\i386\dbghelp.tmp for reading
Could Not Find D:\NT\private\sdktools\imagehlp.2k\dbghelp\obj\i386\dbghelp.tmp
cl -nologo -Ii386\ -I. -I.. -ID:\nt\private\sdktools\vctools\pdb6\langapi\include -ID:\nt\public\oak\inc -ID:\nt\public\sdk\inc -ID:\nt\private\inc -ID:\nt\public\sdk\inc\crt -D_X86_=1 -Di386=1  -DSTD_CALL -DCONDITION_HANDLING=1 -DNT_UP=1  -DNT_INST=0 -DWIN32=100 -D_NT1X_=100 -DWINNT=1 -D_WIN32_WINNT=0x0400 -DWINVER=0x0400 -D_WIN32_IE=0x0300    -DWIN32_LEAN_AND_MEAN=1 -DDEVL=1 -DFPO=1    -DNDEBUG -D_DLL=1 -D_MT=1 /DBUILD_DBGHELP -DCC_CVTYPE32 -D_VC_VER_INC -DIMAGEHLPSRC     /c /Zel /Zp8 /Gy  /W3 /WX /Gz  /QIfdiv- /QIf /QI0f /GB /Gi- /Gm- /GX-  /GR- /GF -Z7 /Oxs /Oy   -FID:\nt\public\sdk\inc\warning.h  ..\debug.c
cl -nologo -Ii386\ -I. -I.. -ID:\nt\private\sdktools\vctools\pdb6\langapi\include -ID:\nt\public\oak\inc -ID:\nt\public\sdk\inc -ID:\nt\private\inc -ID:\nt\public\sdk\inc\crt -D_X86_=1 -Di386=1  -DSTD_CALL -DCONDITION_HANDLING=1 -DNT_UP=1  -DNT_INST=0 -DWIN32=100 -D_NT1X_=100 -DWINNT=1 -D_WIN32_WINNT=0x0400 -DWINVER=0x0400 -D_WIN32_IE=0x0300    -DWIN32_LEAN_AND_MEAN=1 -DDEVL=1 -DFPO=1    -DNDEBUG -D_DLL=1 -D_MT=1 /DBUILD_DBGHELP -DCC_CVTYPE32 -D_VC_VER_INC -DIMAGEHLPSRC     /c /Zel /Zp8 /Gy  /W3 /WX /Gz  /QIfdiv- /QIf /QI0f /GB /Gi- /Gm- /GX-  /GR- /GF -Z7 /Oxs /Oy   -FID:\nt\public\sdk\inc\warning.h  ..\imagedir.c
cl -nologo -Ii386\ -I. -I.. -ID:\nt\private\sdktools\vctools\pdb6\langapi\include -ID:\nt\public\oak\inc -ID:\nt\public\sdk\inc -ID:\nt\private\inc -ID:\nt\public\sdk\inc\crt -D_X86_=1 -Di386=1  -DSTD_CALL -DCONDITION_HANDLING=1 -DNT_UP=1  -DNT_INST=0 -DWIN32=100 -D_NT1X_=100 -DWINNT=1 -D_WIN32_WINNT=0x0400 -DWINVER=0x0400 -D_WIN32_IE=0x0300    -DWIN32_LEAN_AND_MEAN=1 -DDEVL=1 -DFPO=1    -DNDEBUG -D_DLL=1 -D_MT=1 /DBUILD_DBGHELP -DCC_CVTYPE32 -D_VC_VER_INC -DIMAGEHLPSRC     /c /Zel /Zp8 /Gy  /W3 /WX /Gz  /QIfdiv- /QIf /QI0f /GB /Gi- /Gm- /GX-  /GR- /GF -Z7 /Oxs /Oy   -FID:\nt\public\sdk\inc\warning.h  ..\imagehlp.c
cl -nologo -Ii386\ -I. -I.. -ID:\nt\private\sdktools\vctools\pdb6\langapi\include -ID:\nt\public\oak\inc -ID:\nt\public\sdk\inc -ID:\nt\private\inc -ID:\nt\public\sdk\inc\crt -D_X86_=1 -Di386=1  -DSTD_CALL -DCONDITION_HANDLING=1 -DNT_UP=1  -DNT_INST=0 -DWIN32=100 -D_NT1X_=100 -DWINNT=1 -D_WIN32_WINNT=0x0400 -DWINVER=0x0400 -D_WIN32_IE=0x0300    -DWIN32_LEAN_AND_MEAN=1 -DDEVL=1 -DFPO=1    -DNDEBUG -D_DLL=1 -D_MT=1 /DBUILD_DBGHELP -DCC_CVTYPE32 -D_VC_VER_INC -DIMAGEHLPSRC     /c /Zel /Zp8 /Gy  /W3 /WX /Gz  /QIfdiv- /QIf /QI0f /GB /Gi- /Gm- /GX-  /GR- /GF -Z7 /Oxs /Oy   -FID:\nt\public\sdk\inc\warning.h  ..\linesym.c
cl -nologo -Ii386\ -I. -I.. -ID:\nt\private\sdktools\vctools\pdb6\langapi\include -ID:\nt\public\oak\inc -ID:\nt\public\sdk\inc -ID:\nt\private\inc -ID:\nt\public\sdk\inc\crt -D_X86_=1 -Di386=1  -DSTD_CALL -DCONDITION_HANDLING=1 -DNT_UP=1  -DNT_INST=0 -DWIN32=100 -D_NT1X_=100 -DWINNT=1 -D_WIN32_WINNT=0x0400 -DWINVER=0x0400 -D_WIN32_IE=0x0300    -DWIN32_LEAN_AND_MEAN=1 -DDEVL=1 -DFPO=1    -DNDEBUG -D_DLL=1 -D_MT=1 /DBUILD_DBGHELP -DCC_CVTYPE32 -D_VC_VER_INC -DIMAGEHLPSRC     /c /Zel /Zp8 /Gy  /W3 /WX /Gz  /QIfdiv- /QIf /QI0f /GB /Gi- /Gm- /GX-  /GR- /GF -Z7 /Oxs /Oy   -FID:\nt\public\sdk\inc\warning.h  ..\mapdebug.c
cl -nologo -Ii386\ -I. -I.. -ID:\nt\private\sdktools\vctools\pdb6\langapi\include -ID:\nt\public\oak\inc -ID:\nt\public\sdk\inc -ID:\nt\private\inc -ID:\nt\public\sdk\inc\crt -D_X86_=1 -Di386=1  -DSTD_CALL -DCONDITION_HANDLING=1 -DNT_UP=1  -DNT_INST=0 -DWIN32=100 -D_NT1X_=100 -DWINNT=1 -D_WIN32_WINNT=0x0400 -DWINVER=0x0400 -D_WIN32_IE=0x0300    -DWIN32_LEAN_AND_MEAN=1 -DDEVL=1 -DFPO=1    -DNDEBUG -D_DLL=1 -D_MT=1 /DBUILD_DBGHELP -DCC_CVTYPE32 -D_VC_VER_INC -DIMAGEHLPSRC     /c /Zel /Zp8 /Gy  /W3 /WX /Gz  /QIfdiv- /QIf /QI0f /GB /Gi- /Gm- /GX-  /GR- /GF -Z7 /Oxs /Oy   -FID:\nt\public\sdk\inc\warning.h  ..\symbols.c
cl -nologo -Ii386\ -I. -I.. -ID:\nt\private\sdktools\vctools\pdb6\langapi\include -ID:\nt\public\oak\inc -ID:\nt\public\sdk\inc -ID:\nt\private\inc -ID:\nt\public\sdk\inc\crt -D_X86_=1 -Di386=1  -DSTD_CALL -DCONDITION_HANDLING=1 -DNT_UP=1  -DNT_INST=0 -DWIN32=100 -D_NT1X_=100 -DWINNT=1 -D_WIN32_WINNT=0x0400 -DWINVER=0x0400 -D_WIN32_IE=0x0300    -DWIN32_LEAN_AND_MEAN=1 -DDEVL=1 -DFPO=1    -DNDEBUG -D_DLL=1 -D_MT=1 /DBUILD_DBGHELP -DCC_CVTYPE32 -D_VC_VER_INC -DIMAGEHLPSRC     /c /Zel /Zp8 /Gy  /W3 /WX /Gz  /QIfdiv- /QIf /QI0f /GB /Gi- /Gm- /GX-  /GR- /GF -Z7 /Oxs /Oy   -FID:\nt\public\sdk\inc\warning.h  ..\sympriv.c
NMAKE :  U1073: don't know how to make 'obj\i386\typesrv.obj'
Stop.
BUILD: nmake.exe failed - rc = 2
Elapsed time [0:00:00.328] ********************
Compiling d:\nt\private\sdktools\imagehlp.2k\imagehlp directory ********************
'nmake.exe /c BUILDMSG=Stop. -i NTTEST= UMTEST= NOLINK=1 386=1'
Elapsed time [0:00:00.328] ********************
Compiling d:\nt\private\sdktools\imagehlp.2k\tools directory ********************
'nmake.exe /c BUILDMSG=Stop. -i NTTEST= UMTEST= NOLINK=1 386=1'
Elapsed time [0:00:00.344] ********************
    rc -l 409 -z "MS Sans Serif,Helv/MS Shell Dlg"  -r -fo obj\i386\imagehlp.tmp -D_X86_=1 -Di386=1  -DSTD_CALL -DCONDITION_HANDLING=1 -DNT_UP=1  -DNT_INST=0 -DWIN32=100 -D_NT1X_=100 -DWINNT=1 -D_WIN32_WINNT=0x0400 -DWINVER=0x0400 -D_WIN32_IE=0x0300    -DWIN32_LEAN_AND_MEAN=1 -DDEVL=1 -DFPO=1    -DNDEBUG -D_DLL=1 -D_MT=1 /DBUILD_IMAGEHLP -DCC_CVTYPE32 -D_VC_VER_INC -DIMAGEHLPSRC /DDELAYLOAD_VERSION=0x0100   -I.. -ID:\nt\private\sdktools\vctools\pdb6\langapi\include -ID:\nt\public\oak\inc -ID:\nt\public\sdk\inc -ID:\nt\private\inc -ID:\nt\public\sdk\inc\crt ..\imagehlp.rc
    rc -l 409 -z "MS Sans Serif,Helv/MS Shell Dlg"  -r -fo obj\i386\bind.tmp -D_X86_=1 -Di386=1  -DSTD_CALL -DCONDITION_HANDLING=1 -DNT_UP=1  -DNT_INST=0 -DWIN32=100 -D_NT1X_=100 -DWINNT=1 -D_WIN32_WINNT=0x0400 -DWINVER=0x0400 -D_WIN32_IE=0x0300    -DWIN32_LEAN_AND_MEAN=1 -DDEVL=1 -DFPO=1    -DNDEBUG -D_DLL=1 -D_MT=1  -DCC_CVTYPE32 -D_VC_VER_INC   -I.. -ID:\nt\private\sdktools\vctools\pdb6\langapi\include -ID:\nt\public\oak\inc -ID:\nt\public\sdk\inc -ID:\nt\private\inc -ID:\nt\public\sdk\inc\crt ..\bind.rc
CVTRES : fatal error CVT1101: cannot open obj\i386\imagehlp.tmp for reading
CVTRES : fatal error CVT1101: cannot open obj\i386\bind.tmp for reading
Could Not Find D:\NT\private\sdktools\imagehlp.2k\imagehlp\obj\i386\imagehlp.tmp
Could Not Find D:\NT\private\sdktools\imagehlp.2k\tools\obj\i386\bind.tmp
	ml -c -coff -Cx -nologo -Ii386\ -I. -I.. -ID:\nt\private\sdktools\vctools\pdb6\langapi\include -ID:\nt\public\oak\inc -ID:\nt\public\sdk\inc -ID:\nt\private\inc -ID:\nt\public\sdk\inc\crt -Zm  -D_X86_=1 -Di386=1  -DSTD_CALL -DCONDITION_HANDLING=1 -DNT_UP=1  -DNT_INST=0 -DWIN32=100 -D_NT1X_=100 -DWINNT=1 -D_WIN32_WINNT=0x0400 -DWINVER=0x0400 -D_WIN32_IE=0x0300    -DWIN32_LEAN_AND_MEAN=1 -DDBG=0 -DDEVL=1 -DFPO=1    -FoD:\NT\private\sdktools\imagehlp.2k\imagehlp\obj\i386\chksum.obj ..\i386\chksum.asm
    rc -l 409 -z "MS Sans Serif,Helv/MS Shell Dlg"  -r -fo obj\i386\binplace.tmp -D_X86_=1 -Di386=1  -DSTD_CALL -DCONDITION_HANDLING=1 -DNT_UP=1  -DNT_INST=0 -DWIN32=100 -D_NT1X_=100 -DWINNT=1 -D_WIN32_WINNT=0x0400 -DWINVER=0x0400 -D_WIN32_IE=0x0300    -DWIN32_LEAN_AND_MEAN=1 -DDEVL=1 -DFPO=1    -DNDEBUG -D_DLL=1 -D_MT=1  -DCC_CVTYPE32 -D_VC_VER_INC   -I.. -ID:\nt\private\sdktools\vctools\pdb6\langapi\include -ID:\nt\public\oak\inc -ID:\nt\public\sdk\inc -ID:\nt\private\inc -ID:\nt\public\sdk\inc\crt ..\binplace.rc
 Assembling: ..\i386\chksum.asm
CVTRES : fatal error CVT1101: cannot open obj\i386\binplace.tmp for reading
cl -nologo -Ii386\ -I. -I.. -ID:\nt\private\sdktools\vctools\pdb6\langapi\include -ID:\nt\public\oak\inc -ID:\nt\public\sdk\inc -ID:\nt\private\inc -ID:\nt\public\sdk\inc\crt -D_X86_=1 -Di386=1  -DSTD_CALL -DCONDITION_HANDLING=1 -DNT_UP=1  -DNT_INST=0 -DWIN32=100 -D_NT1X_=100 -DWINNT=1 -D_WIN32_WINNT=0x0400 -DWINVER=0x0400 -D_WIN32_IE=0x0300    -DWIN32_LEAN_AND_MEAN=1 -DDEVL=1 -DFPO=1    -DNDEBUG -D_DLL=1 -D_MT=1 /DBUILD_IMAGEHLP -DCC_CVTYPE32 -D_VC_VER_INC -DIMAGEHLPSRC /DDELAYLOAD_VERSION=0x0100     /c /Zel /Zp8 /Gy  /W3 /WX /Gz  /QIfdiv- /QIf /QI0f /GB /Gi- /Gm- /GX-  /GR- /GF -Z7 /Oxs /Oy   -FID:\nt\public\sdk\inc\warning.h  ..\imagehlp.c
Could Not Find D:\NT\private\sdktools\imagehlp.2k\tools\obj\i386\binplace.tmp
    rc -l 409 -z "MS Sans Serif,Helv/MS Shell Dlg"  -r -fo obj\i386\imagecfg.tmp -D_X86_=1 -Di386=1  -DSTD_CALL -DCONDITION_HANDLING=1 -DNT_UP=1  -DNT_INST=0 -DWIN32=100 -D_NT1X_=100 -DWINNT=1 -D_WIN32_WINNT=0x0400 -DWINVER=0x0400 -D_WIN32_IE=0x0300    -DWIN32_LEAN_AND_MEAN=1 -DDEVL=1 -DFPO=1    -DNDEBUG -D_DLL=1 -D_MT=1  -DCC_CVTYPE32 -D_VC_VER_INC   -I.. -ID:\nt\private\sdktools\vctools\pdb6\langapi\include -ID:\nt\public\oak\inc -ID:\nt\public\sdk\inc -ID:\nt\private\inc -ID:\nt\public\sdk\inc\crt ..\imagecfg.rc
cl -nologo -Ii386\ -I. -I.. -ID:\nt\private\sdktools\vctools\pdb6\langapi\include -ID:\nt\public\oak\inc -ID:\nt\public\sdk\inc -ID:\nt\private\inc -ID:\nt\public\sdk\inc\crt -D_X86_=1 -Di386=1  -DSTD_CALL -DCONDITION_HANDLING=1 -DNT_UP=1  -DNT_INST=0 -DWIN32=100 -D_NT1X_=100 -DWINNT=1 -D_WIN32_WINNT=0x0400 -DWINVER=0x0400 -D_WIN32_IE=0x0300    -DWIN32_LEAN_AND_MEAN=1 -DDEVL=1 -DFPO=1    -DNDEBUG -D_DLL=1 -D_MT=1 /DBUILD_IMAGEHLP -DCC_CVTYPE32 -D_VC_VER_INC -DIMAGEHLPSRC /DDELAYLOAD_VERSION=0x0100     /c /Zel /Zp8 /Gy  /W3 /WX /Gz  /QIfdiv- /QIf /QI0f /GB /Gi- /Gm- /GX-  /GR- /GF -Z7 /Oxs /Oy   -FID:\nt\public\sdk\inc\warning.h  ..\bindi.c
CVTRES : fatal error CVT1101: cannot open obj\i386\imagecfg.tmp for reading
cl -nologo -Ii386\ -I. -I.. -ID:\nt\private\sdktools\vctools\pdb6\langapi\include -ID:\nt\public\oak\inc -ID:\nt\public\sdk\inc -ID:\nt\private\inc -ID:\nt\public\sdk\inc\crt -D_X86_=1 -Di386=1  -DSTD_CALL -DCONDITION_HANDLING=1 -DNT_UP=1  -DNT_INST=0 -DWIN32=100 -D_NT1X_=100 -DWINNT=1 -D_WIN32_WINNT=0x0400 -DWINVER=0x0400 -D_WIN32_IE=0x0300    -DWIN32_LEAN_AND_MEAN=1 -DDEVL=1 -DFPO=1    -DNDEBUG -D_DLL=1 -D_MT=1 /DBUILD_IMAGEHLP -DCC_CVTYPE32 -D_VC_VER_INC -DIMAGEHLPSRC /DDELAYLOAD_VERSION=0x0100     /c /Zel /Zp8 /Gy  /W3 /WX /Gz  /QIfdiv- /QIf /QI0f /GB /Gi- /Gm- /GX-  /GR- /GF -Z7 /Oxs /Oy   -FID:\nt\public\sdk\inc\warning.h  ..\checksum.c
Could Not Find D:\NT\private\sdktools\imagehlp.2k\tools\obj\i386\imagecfg.tmp
    rc -l 409 -z "MS Sans Serif,Helv/MS Shell Dlg"  -r -fo obj\i386\imagechk.tmp -D_X86_=1 -Di386=1  -DSTD_CALL -DCONDITION_HANDLING=1 -DNT_UP=1  -DNT_INST=0 -DWIN32=100 -D_NT1X_=100 -DWINNT=1 -D_WIN32_WINNT=0x0400 -DWINVER=0x0400 -D_WIN32_IE=0x0300    -DWIN32_LEAN_AND_MEAN=1 -DDEVL=1 -DFPO=1    -DNDEBUG -D_DLL=1 -D_MT=1  -DCC_CVTYPE32 -D_VC_VER_INC   -I.. -ID:\nt\private\sdktools\vctools\pdb6\langapi\include -ID:\nt\public\oak\inc -ID:\nt\public\sdk\inc -ID:\nt\private\inc -ID:\nt\public\sdk\inc\crt ..\imagechk.rc
cl -nologo -Ii386\ -I. -I.. -ID:\nt\private\sdktools\vctools\pdb6\langapi\include -ID:\nt\public\oak\inc -ID:\nt\public\sdk\inc -ID:\nt\private\inc -ID:\nt\public\sdk\inc\crt -D_X86_=1 -Di386=1  -DSTD_CALL -DCONDITION_HANDLING=1 -DNT_UP=1  -DNT_INST=0 -DWIN32=100 -D_NT1X_=100 -DWINNT=1 -D_WIN32_WINNT=0x0400 -DWINVER=0x0400 -D_WIN32_IE=0x0300    -DWIN32_LEAN_AND_MEAN=1 -DDEVL=1 -DFPO=1    -DNDEBUG -D_DLL=1 -D_MT=1 /DBUILD_IMAGEHLP -DCC_CVTYPE32 -D_VC_VER_INC -DIMAGEHLPSRC /DDELAYLOAD_VERSION=0x0100     /c /Zel /Zp8 /Gy  /W3 /WX /Gz  /QIfdiv- /QIf /QI0f /GB /Gi- /Gm- /GX-  /GR- /GF -Z7 /Oxs /Oy   -FID:\nt\public\sdk\inc\warning.h  ..\dload.c
CVTRES : fatal error CVT1101: cannot open obj\i386\imagechk.tmp for reading
cl -nologo -Ii386\ -I. -I.. -ID:\nt\private\sdktools\vctools\pdb6\langapi\include -ID:\nt\public\oak\inc -ID:\nt\public\sdk\inc -ID:\nt\private\inc -ID:\nt\public\sdk\inc\crt -D_X86_=1 -Di386=1  -DSTD_CALL -DCONDITION_HANDLING=1 -DNT_UP=1  -DNT_INST=0 -DWIN32=100 -D_NT1X_=100 -DWINNT=1 -D_WIN32_WINNT=0x0400 -DWINVER=0x0400 -D_WIN32_IE=0x0300    -DWIN32_LEAN_AND_MEAN=1 -DDEVL=1 -DFPO=1    -DNDEBUG -D_DLL=1 -D_MT=1 /DBUILD_IMAGEHLP -DCC_CVTYPE32 -D_VC_VER_INC -DIMAGEHLPSRC /DDELAYLOAD_VERSION=0x0100     /c /Zel /Zp8 /Gy  /W3 /WX /Gz  /QIfdiv- /QIf /QI0f /GB /Gi- /Gm- /GX-  /GR- /GF -Z7 /Oxs /Oy   -FID:\nt\public\sdk\inc\warning.h  ..\imagedir.c
Could Not Find D:\NT\private\sdktools\imagehlp.2k\tools\obj\i386\imagechk.tmp
    rc -l 409 -z "MS Sans Serif,Helv/MS Shell Dlg"  -r -fo obj\i386\rebase.tmp -D_X86_=1 -Di386=1  -DSTD_CALL -DCONDITION_HANDLING=1 -DNT_UP=1  -DNT_INST=0 -DWIN32=100 -D_NT1X_=100 -DWINNT=1 -D_WIN32_WINNT=0x0400 -DWINVER=0x0400 -D_WIN32_IE=0x0300    -DWIN32_LEAN_AND_MEAN=1 -DDEVL=1 -DFPO=1    -DNDEBUG -D_DLL=1 -D_MT=1  -DCC_CVTYPE32 -D_VC_VER_INC   -I.. -ID:\nt\private\sdktools\vctools\pdb6\langapi\include -ID:\nt\public\oak\inc -ID:\nt\public\sdk\inc -ID:\nt\private\inc -ID:\nt\public\sdk\inc\crt ..\rebase.rc
cl -nologo -Ii386\ -I. -I.. -ID:\nt\private\sdktools\vctools\pdb6\langapi\include -ID:\nt\public\oak\inc -ID:\nt\public\sdk\inc -ID:\nt\private\inc -ID:\nt\public\sdk\inc\crt -D_X86_=1 -Di386=1  -DSTD_CALL -DCONDITION_HANDLING=1 -DNT_UP=1  -DNT_INST=0 -DWIN32=100 -D_NT1X_=100 -DWINNT=1 -D_WIN32_WINNT=0x0400 -DWINVER=0x0400 -D_WIN32_IE=0x0300    -DWIN32_LEAN_AND_MEAN=1 -DDEVL=1 -DFPO=1    -DNDEBUG -D_DLL=1 -D_MT=1 /DBUILD_IMAGEHLP -DCC_CVTYPE32 -D_VC_VER_INC -DIMAGEHLPSRC /DDELAYLOAD_VERSION=0x0100     /c /Zel /Zp8 /Gy  /W3 /WX /Gz  /QIfdiv- /QIf /QI0f /GB /Gi- /Gm- /GX-  /GR- /GF -Z7 /Oxs /Oy   -FID:\nt\public\sdk\inc\warning.h  ..\map.c
CVTRES : fatal error CVT1101: cannot open obj\i386\rebase.tmp for reading
cl -nologo -Ii386\ -I. -I.. -ID:\nt\private\sdktools\vctools\pdb6\langapi\include -ID:\nt\public\oak\inc -ID:\nt\public\sdk\inc -ID:\nt\private\inc -ID:\nt\public\sdk\inc\crt -D_X86_=1 -Di386=1  -DSTD_CALL -DCONDITION_HANDLING=1 -DNT_UP=1  -DNT_INST=0 -DWIN32=100 -D_NT1X_=100 -DWINNT=1 -D_WIN32_WINNT=0x0400 -DWINVER=0x0400 -D_WIN32_IE=0x0300    -DWIN32_LEAN_AND_MEAN=1 -DDEVL=1 -DFPO=1    -DNDEBUG -D_DLL=1 -D_MT=1 /DBUILD_IMAGEHLP -DCC_CVTYPE32 -D_VC_VER_INC -DIMAGEHLPSRC /DDELAYLOAD_VERSION=0x0100     /c /Zel /Zp8 /Gy  /W3 /WX /Gz  /QIfdiv- /QIf /QI0f /GB /Gi- /Gm- /GX-  /GR- /GF -Z7 /Oxs /Oy   -FID:\nt\public\sdk\inc\warning.h  ..\rebasei.c
Could Not Find D:\NT\private\sdktools\imagehlp.2k\tools\obj\i386\rebase.tmp
    rc -l 409 -z "MS Sans Serif,Helv/MS Shell Dlg"  -r -fo obj\i386\smashlck.tmp -D_X86_=1 -Di386=1  -DSTD_CALL -DCONDITION_HANDLING=1 -DNT_UP=1  -DNT_INST=0 -DWIN32=100 -D_NT1X_=100 -DWINNT=1 -D_WIN32_WINNT=0x0400 -DWINVER=0x0400 -D_WIN32_IE=0x0300    -DWIN32_LEAN_AND_MEAN=1 -DDEVL=1 -DFPO=1    -DNDEBUG -D_DLL=1 -D_MT=1  -DCC_CVTYPE32 -D_VC_VER_INC   -I.. -ID:\nt\private\sdktools\vctools\pdb6\langapi\include -ID:\nt\public\oak\inc -ID:\nt\public\sdk\inc -ID:\nt\private\inc -ID:\nt\public\sdk\inc\crt ..\smashlck.rc
cl -nologo -Ii386\ -I. -I.. -ID:\nt\private\sdktools\vctools\pdb6\langapi\include -ID:\nt\public\oak\inc -ID:\nt\public\sdk\inc -ID:\nt\private\inc -ID:\nt\public\sdk\inc\crt -D_X86_=1 -Di386=1  -DSTD_CALL -DCONDITION_HANDLING=1 -DNT_UP=1  -DNT_INST=0 -DWIN32=100 -D_NT1X_=100 -DWINNT=1 -D_WIN32_WINNT=0x0400 -DWINVER=0x0400 -D_WIN32_IE=0x0300    -DWIN32_LEAN_AND_MEAN=1 -DDEVL=1 -DFPO=1    -DNDEBUG -D_DLL=1 -D_MT=1 /DBUILD_IMAGEHLP -DCC_CVTYPE32 -D_VC_VER_INC -DIMAGEHLPSRC /DDELAYLOAD_VERSION=0x0100     /c /Zel /Zp8 /Gy  /W3 /WX /Gz  /QIfdiv- /QIf /QI0f /GB /Gi- /Gm- /GX-  /GR- /GF -Z7 /Oxs /Oy   -FID:\nt\public\sdk\inc\warning.h  ..\splitsymi.c
cl -nologo -Ii386\ -I. -I.. -ID:\nt\private\sdktools\vctools\pdb6\langapi\include -ID:\nt\public\oak\inc -ID:\nt\public\sdk\inc -ID:\nt\private\inc -ID:\nt\public\sdk\inc\crt -D_X86_=1 -Di386=1  -DSTD_CALL -DCONDITION_HANDLING=1 -DNT_UP=1  -DNT_INST=0 -DWIN32=100 -D_NT1X_=100 -DWINNT=1 -D_WIN32_WINNT=0x0400 -DWINVER=0x0400 -D_WIN32_IE=0x0300    -DWIN32_LEAN_AND_MEAN=1 -DDEVL=1 -DFPO=1    -DNDEBUG -D_DLL=1 -D_MT=1 /DBUILD_IMAGEHLP -DCC_CVTYPE32 -D_VC_VER_INC -DIMAGEHLPSRC /DDELAYLOAD_VERSION=0x0100     /c /Zel /Zp8 /Gy  /W3 /WX /Gz  /QIfdiv- /QIf /QI0f /GB /Gi- /Gm- /GX-  /GR- /GF -Z7 /Oxs /Oy   -FID:\nt\public\sdk\inc\warning.h  ..\upddbgi.c
CVTRES : fatal error CVT1101: cannot open obj\i386\smashlck.tmp for reading
Could Not Find D:\NT\private\sdktools\imagehlp.2k\tools\obj\i386\smashlck.tmp
    rc -l 409 -z "MS Sans Serif,Helv/MS Shell Dlg"  -r -fo obj\i386\splitsym.tmp -D_X86_=1 -Di386=1  -DSTD_CALL -DCONDITION_HANDLING=1 -DNT_UP=1  -DNT_INST=0 -DWIN32=100 -D_NT1X_=100 -DWINNT=1 -D_WIN32_WINNT=0x0400 -DWINVER=0x0400 -D_WIN32_IE=0x0300    -DWIN32_LEAN_AND_MEAN=1 -DDEVL=1 -DFPO=1    -DNDEBUG -D_DLL=1 -D_MT=1  -DCC_CVTYPE32 -D_VC_VER_INC   -I.. -ID:\nt\private\sdktools\vctools\pdb6\langapi\include -ID:\nt\public\oak\inc -ID:\nt\public\sdk\inc -ID:\nt\private\inc -ID:\nt\public\sdk\inc\crt ..\splitsym.rc
cl -nologo -Ii386\ -I. -I.. -ID:\nt\private\sdktools\vctools\pdb6\langapi\include -ID:\nt\public\oak\inc -ID:\nt\public\sdk\inc -ID:\nt\private\inc -ID:\nt\public\sdk\inc\crt -D_X86_=1 -Di386=1  -DSTD_CALL -DCONDITION_HANDLING=1 -DNT_UP=1  -DNT_INST=0 -DWIN32=100 -D_NT1X_=100 -DWINNT=1 -D_WIN32_WINNT=0x0400 -DWINVER=0x0400 -D_WIN32_IE=0x0300    -DWIN32_LEAN_AND_MEAN=1 -DDEVL=1 -DFPO=1    -DNDEBUG -D_DLL=1 -D_MT=1 /DBUILD_IMAGEHLP -DCC_CVTYPE32 -D_VC_VER_INC -DIMAGEHLPSRC /DDELAYLOAD_VERSION=0x0100     /c /Zel /Zp8 /Gy  /W3 /WX /Gz  /QIfdiv- /QIf /QI0f /GB /Gi- /Gm- /GX-  /GR- /GF -Z7 /Oxs /Oy   -FID:\nt\public\sdk\inc\warning.h  ..\dice.cxx
cl -nologo -Ii386\ -I. -I.. -ID:\nt\private\sdktools\vctools\pdb6\langapi\include -ID:\nt\public\oak\inc -ID:\nt\public\sdk\inc -ID:\nt\private\inc -ID:\nt\public\sdk\inc\crt -D_X86_=1 -Di386=1  -DSTD_CALL -DCONDITION_HANDLING=1 -DNT_UP=1  -DNT_INST=0 -DWIN32=100 -D_NT1X_=100 -DWINNT=1 -D_WIN32_WINNT=0x0400 -DWINVER=0x0400 -D_WIN32_IE=0x0300    -DWIN32_LEAN_AND_MEAN=1 -DDEVL=1 -DFPO=1    -DNDEBUG -D_DLL=1 -D_MT=1 /DBUILD_IMAGEHLP -DCC_CVTYPE32 -D_VC_VER_INC -DIMAGEHLPSRC /DDELAYLOAD_VERSION=0x0100     /c /Zel /Zp8 /Gy  /W3 /WX /Gz  /QIfdiv- /QIf /QI0f /GB /Gi- /Gm- /GX-  /GR- /GF -Z7 /Oxs /Oy   -FID:\nt\public\sdk\inc\warning.h  ..\imagehlp.src /EP ..\imagehlp.src
CVTRES : fatal error CVT1101: cannot open obj\i386\splitsym.tmp for reading
Could Not Find D:\NT\private\sdktools\imagehlp.2k\tools\obj\i386\splitsym.tmp
NMAKE :  U1073: don't know how to make 'D:\nt\public\sdk\lib\i386\dbghelp.lib'
Stop.
    rc -l 409 -z "MS Sans Serif,Helv/MS Shell Dlg"  -r -fo obj\i386\undname.tmp -D_X86_=1 -Di386=1  -DSTD_CALL -DCONDITION_HANDLING=1 -DNT_UP=1  -DNT_INST=0 -DWIN32=100 -D_NT1X_=100 -DWINNT=1 -D_WIN32_WINNT=0x0400 -DWINVER=0x0400 -D_WIN32_IE=0x0300    -DWIN32_LEAN_AND_MEAN=1 -DDEVL=1 -DFPO=1    -DNDEBUG -D_DLL=1 -D_MT=1  -DCC_CVTYPE32 -D_VC_VER_INC   -I.. -ID:\nt\private\sdktools\vctools\pdb6\langapi\include -ID:\nt\public\oak\inc -ID:\nt\public\sdk\inc -ID:\nt\private\inc -ID:\nt\public\sdk\inc\crt ..\undname.rc
BUILD: nmake.exe /c BUILDMSG=Stop. -i NTTEST= UMTEST= NOLINK=1 386=1 failed - rc = 2
CVTRES : fatal error CVT1101: cannot open obj\i386\undname.tmp for reading
Could Not Find D:\NT\private\sdktools\imagehlp.2k\tools\obj\i386\undname.tmp
    rc -l 409 -z "MS Sans Serif,Helv/MS Shell Dlg"  -r -fo obj\i386\upddbg.tmp -D_X86_=1 -Di386=1  -DSTD_CALL -DCONDITION_HANDLING=1 -DNT_UP=1  -DNT_INST=0 -DWIN32=100 -D_NT1X_=100 -DWINNT=1 -D_WIN32_WINNT=0x0400 -DWINVER=0x0400 -D_WIN32_IE=0x0300    -DWIN32_LEAN_AND_MEAN=1 -DDEVL=1 -DFPO=1    -DNDEBUG -D_DLL=1 -D_MT=1  -DCC_CVTYPE32 -D_VC_VER_INC   -I.. -ID:\nt\private\sdktools\vctools\pdb6\langapi\include -ID:\nt\public\oak\inc -ID:\nt\public\sdk\inc -ID:\nt\private\inc -ID:\nt\public\sdk\inc\crt ..\upddbg.rc
CVTRES : fatal error CVT1101: cannot open obj\i386\upddbg.tmp for reading
Could Not Find D:\NT\private\sdktools\imagehlp.2k\tools\obj\i386\upddbg.tmp
cl -nologo -Ii386\ -I. -I.. -ID:\nt\private\sdktools\vctools\pdb6\langapi\include -ID:\nt\public\oak\inc -ID:\nt\public\sdk\inc -ID:\nt\private\inc -ID:\nt\public\sdk\inc\crt -D_X86_=1 -Di386=1  -DSTD_CALL -DCONDITION_HANDLING=1 -DNT_UP=1  -DNT_INST=0 -DWIN32=100 -D_NT1X_=100 -DWINNT=1 -D_WIN32_WINNT=0x0400 -DWINVER=0x0400 -D_WIN32_IE=0x0300    -DWIN32_LEAN_AND_MEAN=1 -DDEVL=1 -DFPO=1    -DNDEBUG -D_DLL=1 -D_MT=1  -DCC_CVTYPE32 -D_VC_VER_INC     /c /Zel /Zp8 /Gy  /W3 /WX /Gz  /QIfdiv- /QIf /QI0f /GB /Gi- /Gm- /GX-  /GR- /GF -Z7 /Oxs /Oy   -FID:\nt\public\sdk\inc\warning.h  ..\bind.c
cl -nologo -Ii386\ -I. -I.. -ID:\nt\private\sdktools\vctools\pdb6\langapi\include -ID:\nt\public\oak\inc -ID:\nt\public\sdk\inc -ID:\nt\private\inc -ID:\nt\public\sdk\inc\crt -D_X86_=1 -Di386=1  -DSTD_CALL -DCONDITION_HANDLING=1 -DNT_UP=1  -DNT_INST=0 -DWIN32=100 -D_NT1X_=100 -DWINNT=1 -D_WIN32_WINNT=0x0400 -DWINVER=0x0400 -D_WIN32_IE=0x0300    -DWIN32_LEAN_AND_MEAN=1 -DDEVL=1 -DFPO=1    -DNDEBUG -D_DLL=1 -D_MT=1  -DCC_CVTYPE32 -D_VC_VER_INC     /c /Zel /Zp8 /Gy  /W3 /WX /Gz  /QIfdiv- /QIf /QI0f /GB /Gi- /Gm- /GX-  /GR- /GF -Z7 /Oxs /Oy   -FID:\nt\public\sdk\inc\warning.h  ..\binplace.c
cl -nologo -Ii386\ -I. -I.. -ID:\nt\private\sdktools\vctools\pdb6\langapi\include -ID:\nt\public\oak\inc -ID:\nt\public\sdk\inc -ID:\nt\private\inc -ID:\nt\public\sdk\inc\crt -D_X86_=1 -Di386=1  -DSTD_CALL -DCONDITION_HANDLING=1 -DNT_UP=1  -DNT_INST=0 -DWIN32=100 -D_NT1X_=100 -DWINNT=1 -D_WIN32_WINNT=0x0400 -DWINVER=0x0400 -D_WIN32_IE=0x0300    -DWIN32_LEAN_AND_MEAN=1 -DDEVL=1 -DFPO=1    -DNDEBUG -D_DLL=1 -D_MT=1  -DCC_CVTYPE32 -D_VC_VER_INC     /c /Zel /Zp8 /Gy  /W3 /WX /Gz  /QIfdiv- /QIf /QI0f /GB /Gi- /Gm- /GX-  /GR- /GF -Z7 /Oxs /Oy   -FID:\nt\public\sdk\inc\warning.h  ..\imagecfg.c
cl -nologo -Ii386\ -I. -I.. -ID:\nt\private\sdktools\vctools\pdb6\langapi\include -ID:\nt\public\oak\inc -ID:\nt\public\sdk\inc -ID:\nt\private\inc -ID:\nt\public\sdk\inc\crt -D_X86_=1 -Di386=1  -DSTD_CALL -DCONDITION_HANDLING=1 -DNT_UP=1  -DNT_INST=0 -DWIN32=100 -D_NT1X_=100 -DWINNT=1 -D_WIN32_WINNT=0x0400 -DWINVER=0x0400 -D_WIN32_IE=0x0300    -DWIN32_LEAN_AND_MEAN=1 -DDEVL=1 -DFPO=1    -DNDEBUG -D_DLL=1 -D_MT=1  -DCC_CVTYPE32 -D_VC_VER_INC     /c /Zel /Zp8 /Gy  /W3 /WX /Gz  /QIfdiv- /QIf /QI0f /GB /Gi- /Gm- /GX-  /GR- /GF -Z7 /Oxs /Oy   -FID:\nt\public\sdk\inc\warning.h  ..\imagechk.c
cl -nologo -Ii386\ -I. -I.. -ID:\nt\private\sdktools\vctools\pdb6\langapi\include -ID:\nt\public\oak\inc -ID:\nt\public\sdk\inc -ID:\nt\private\inc -ID:\nt\public\sdk\inc\crt -D_X86_=1 -Di386=1  -DSTD_CALL -DCONDITION_HANDLING=1 -DNT_UP=1  -DNT_INST=0 -DWIN32=100 -D_NT1X_=100 -DWINNT=1 -D_WIN32_WINNT=0x0400 -DWINVER=0x0400 -D_WIN32_IE=0x0300    -DWIN32_LEAN_AND_MEAN=1 -DDEVL=1 -DFPO=1    -DNDEBUG -D_DLL=1 -D_MT=1  -DCC_CVTYPE32 -D_VC_VER_INC     /c /Zel /Zp8 /Gy  /W3 /WX /Gz  /QIfdiv- /QIf /QI0f /GB /Gi- /Gm- /GX-  /GR- /GF -Z7 /Oxs /Oy   -FID:\nt\public\sdk\inc\warning.h  ..\rebase.c
cl -nologo -Ii386\ -I. -I.. -ID:\nt\private\sdktools\vctools\pdb6\langapi\include -ID:\nt\public\oak\inc -ID:\nt\public\sdk\inc -ID:\nt\private\inc -ID:\nt\public\sdk\inc\crt -D_X86_=1 -Di386=1  -DSTD_CALL -DCONDITION_HANDLING=1 -DNT_UP=1  -DNT_INST=0 -DWIN32=100 -D_NT1X_=100 -DWINNT=1 -D_WIN32_WINNT=0x0400 -DWINVER=0x0400 -D_WIN32_IE=0x0300    -DWIN32_LEAN_AND_MEAN=1 -DDEVL=1 -DFPO=1    -DNDEBUG -D_DLL=1 -D_MT=1  -DCC_CVTYPE32 -D_VC_VER_INC     /c /Zel /Zp8 /Gy  /W3 /WX /Gz  /QIfdiv- /QIf /QI0f /GB /Gi- /Gm- /GX-  /GR- /GF -Z7 /Oxs /Oy   -FID:\nt\public\sdk\inc\warning.h  ..\smashlck.c
cl -nologo -Ii386\ -I. -I.. -ID:\nt\private\sdktools\vctools\pdb6\langapi\include -ID:\nt\public\oak\inc -ID:\nt\public\sdk\inc -ID:\nt\private\inc -ID:\nt\public\sdk\inc\crt -D_X86_=1 -Di386=1  -DSTD_CALL -DCONDITION_HANDLING=1 -DNT_UP=1  -DNT_INST=0 -DWIN32=100 -D_NT1X_=100 -DWINNT=1 -D_WIN32_WINNT=0x0400 -DWINVER=0x0400 -D_WIN32_IE=0x0300    -DWIN32_LEAN_AND_MEAN=1 -DDEVL=1 -DFPO=1    -DNDEBUG -D_DLL=1 -D_MT=1  -DCC_CVTYPE32 -D_VC_VER_INC     /c /Zel /Zp8 /Gy  /W3 /WX /Gz  /QIfdiv- /QIf /QI0f /GB /Gi- /Gm- /GX-  /GR- /GF -Z7 /Oxs /Oy   -FID:\nt\public\sdk\inc\warning.h  ..\splitsym.c
cl -nologo -Ii386\ -I. -I.. -ID:\nt\private\sdktools\vctools\pdb6\langapi\include -ID:\nt\public\oak\inc -ID:\nt\public\sdk\inc -ID:\nt\private\inc -ID:\nt\public\sdk\inc\crt -D_X86_=1 -Di386=1  -DSTD_CALL -DCONDITION_HANDLING=1 -DNT_UP=1  -DNT_INST=0 -DWIN32=100 -D_NT1X_=100 -DWINNT=1 -D_WIN32_WINNT=0x0400 -DWINVER=0x0400 -D_WIN32_IE=0x0300    -DWIN32_LEAN_AND_MEAN=1 -DDEVL=1 -DFPO=1    -DNDEBUG -D_DLL=1 -D_MT=1  -DCC_CVTYPE32 -D_VC_VER_INC     /c /Zel /Zp8 /Gy  /W3 /WX /Gz  /QIfdiv- /QIf /QI0f /GB /Gi- /Gm- /GX-  /GR- /GF -Z7 /Oxs /Oy   -FID:\nt\public\sdk\inc\warning.h  ..\undname.c
cl -nologo -Ii386\ -I. -I.. -ID:\nt\private\sdktools\vctools\pdb6\langapi\include -ID:\nt\public\oak\inc -ID:\nt\public\sdk\inc -ID:\nt\private\inc -ID:\nt\public\sdk\inc\crt -D_X86_=1 -Di386=1  -DSTD_CALL -DCONDITION_HANDLING=1 -DNT_UP=1  -DNT_INST=0 -DWIN32=100 -D_NT1X_=100 -DWINNT=1 -D_WIN32_WINNT=0x0400 -DWINVER=0x0400 -D_WIN32_IE=0x0300    -DWIN32_LEAN_AND_MEAN=1 -DDEVL=1 -DFPO=1    -DNDEBUG -D_DLL=1 -D_MT=1  -DCC_CVTYPE32 -D_VC_VER_INC     /c /Zel /Zp8 /Gy  /W3 /WX /Gz  /QIfdiv- /QIf /QI0f /GB /Gi- /Gm- /GX-  /GR- /GF -Z7 /Oxs /Oy   -FID:\nt\public\sdk\inc\warning.h  ..\upddbg.c
binplace D:\NT\private\sdktools\imagehlp.2k\setnt351.cmd
binplace D:\NT\private\sdktools\imagehlp.2k\setwin95.cmd

Stop.
Linking d:\nt\private\sdktools\imagehlp.2k\dbghelp directory ********************
Compile errors: not linking d:\nt\private\sdktools\imagehlp.2k\dbghelp directory ********************
Elapsed time [0:00:01.281] ********************
Linking d:\nt\private\sdktools\imagehlp.2k\imagehlp directory ********************
Compile errors: not linking d:\nt\private\sdktools\imagehlp.2k\imagehlp directory ********************
Elapsed time [0:00:01.297] ********************
Linking d:\nt\private\sdktools\imagehlp.2k\tools directory ********************
'nmake.exe /c BUILDMSG=Stop. -i LINKONLY=1 NOPASS0=1 NTTEST= UMTEST= 386=1'
Elapsed time [0:00:01.297] ********************
    rc -l 409 -z "MS Sans Serif,Helv/MS Shell Dlg"  -r -fo obj\i386\bind.tmp -D_X86_=1 -Di386=1  -DSTD_CALL -DCONDITION_HANDLING=1 -DNT_UP=1  -DNT_INST=0 -DWIN32=100 -D_NT1X_=100 -DWINNT=1 -D_WIN32_WINNT=0x0400 -DWINVER=0x0400 -D_WIN32_IE=0x0300    -DWIN32_LEAN_AND_MEAN=1 -DDEVL=1 -DFPO=1    -DNDEBUG -D_DLL=1 -D_MT=1  -DCC_CVTYPE32 -D_VC_VER_INC   -I.. -ID:\nt\private\sdktools\vctools\pdb6\langapi\include -ID:\nt\public\oak\inc -ID:\nt\public\sdk\inc -ID:\nt\private\inc -ID:\nt\public\sdk\inc\crt ..\bind.rc
CVTRES : fatal error CVT1101: cannot open obj\i386\bind.tmp for reading
Could Not Find d:\nt\private\sdktools\imagehlp.2k\tools\obj\i386\bind.tmp
    rc -l 409 -z "MS Sans Serif,Helv/MS Shell Dlg"  -r -fo obj\i386\binplace.tmp -D_X86_=1 -Di386=1  -DSTD_CALL -DCONDITION_HANDLING=1 -DNT_UP=1  -DNT_INST=0 -DWIN32=100 -D_NT1X_=100 -DWINNT=1 -D_WIN32_WINNT=0x0400 -DWINVER=0x0400 -D_WIN32_IE=0x0300    -DWIN32_LEAN_AND_MEAN=1 -DDEVL=1 -DFPO=1    -DNDEBUG -D_DLL=1 -D_MT=1  -DCC_CVTYPE32 -D_VC_VER_INC   -I.. -ID:\nt\private\sdktools\vctools\pdb6\langapi\include -ID:\nt\public\oak\inc -ID:\nt\public\sdk\inc -ID:\nt\private\inc -ID:\nt\public\sdk\inc\crt ..\binplace.rc
CVTRES : fatal error CVT1101: cannot open obj\i386\binplace.tmp for reading
Could Not Find d:\nt\private\sdktools\imagehlp.2k\tools\obj\i386\binplace.tmp
    rc -l 409 -z "MS Sans Serif,Helv/MS Shell Dlg"  -r -fo obj\i386\imagecfg.tmp -D_X86_=1 -Di386=1  -DSTD_CALL -DCONDITION_HANDLING=1 -DNT_UP=1  -DNT_INST=0 -DWIN32=100 -D_NT1X_=100 -DWINNT=1 -D_WIN32_WINNT=0x0400 -DWINVER=0x0400 -D_WIN32_IE=0x0300    -DWIN32_LEAN_AND_MEAN=1 -DDEVL=1 -DFPO=1    -DNDEBUG -D_DLL=1 -D_MT=1  -DCC_CVTYPE32 -D_VC_VER_INC   -I.. -ID:\nt\private\sdktools\vctools\pdb6\langapi\include -ID:\nt\public\oak\inc -ID:\nt\public\sdk\inc -ID:\nt\private\inc -ID:\nt\public\sdk\inc\crt ..\imagecfg.rc
CVTRES : fatal error CVT1101: cannot open obj\i386\imagecfg.tmp for reading
Could Not Find d:\nt\private\sdktools\imagehlp.2k\tools\obj\i386\imagecfg.tmp
    rc -l 409 -z "MS Sans Serif,Helv/MS Shell Dlg"  -r -fo obj\i386\imagechk.tmp -D_X86_=1 -Di386=1  -DSTD_CALL -DCONDITION_HANDLING=1 -DNT_UP=1  -DNT_INST=0 -DWIN32=100 -D_NT1X_=100 -DWINNT=1 -D_WIN32_WINNT=0x0400 -DWINVER=0x0400 -D_WIN32_IE=0x0300    -DWIN32_LEAN_AND_MEAN=1 -DDEVL=1 -DFPO=1    -DNDEBUG -D_DLL=1 -D_MT=1  -DCC_CVTYPE32 -D_VC_VER_INC   -I.. -ID:\nt\private\sdktools\vctools\pdb6\langapi\include -ID:\nt\public\oak\inc -ID:\nt\public\sdk\inc -ID:\nt\private\inc -ID:\nt\public\sdk\inc\crt ..\imagechk.rc
CVTRES : fatal error CVT1101: cannot open obj\i386\imagechk.tmp for reading
Could Not Find d:\nt\private\sdktools\imagehlp.2k\tools\obj\i386\imagechk.tmp
    rc -l 409 -z "MS Sans Serif,Helv/MS Shell Dlg"  -r -fo obj\i386\rebase.tmp -D_X86_=1 -Di386=1  -DSTD_CALL -DCONDITION_HANDLING=1 -DNT_UP=1  -DNT_INST=0 -DWIN32=100 -D_NT1X_=100 -DWINNT=1 -D_WIN32_WINNT=0x0400 -DWINVER=0x0400 -D_WIN32_IE=0x0300    -DWIN32_LEAN_AND_MEAN=1 -DDEVL=1 -DFPO=1    -DNDEBUG -D_DLL=1 -D_MT=1  -DCC_CVTYPE32 -D_VC_VER_INC   -I.. -ID:\nt\private\sdktools\vctools\pdb6\langapi\include -ID:\nt\public\oak\inc -ID:\nt\public\sdk\inc -ID:\nt\private\inc -ID:\nt\public\sdk\inc\crt ..\rebase.rc
CVTRES : fatal error CVT1101: cannot open obj\i386\rebase.tmp for reading
Could Not Find d:\nt\private\sdktools\imagehlp.2k\tools\obj\i386\rebase.tmp
    rc -l 409 -z "MS Sans Serif,Helv/MS Shell Dlg"  -r -fo obj\i386\smashlck.tmp -D_X86_=1 -Di386=1  -DSTD_CALL -DCONDITION_HANDLING=1 -DNT_UP=1  -DNT_INST=0 -DWIN32=100 -D_NT1X_=100 -DWINNT=1 -D_WIN32_WINNT=0x0400 -DWINVER=0x0400 -D_WIN32_IE=0x0300    -DWIN32_LEAN_AND_MEAN=1 -DDEVL=1 -DFPO=1    -DNDEBUG -D_DLL=1 -D_MT=1  -DCC_CVTYPE32 -D_VC_VER_INC   -I.. -ID:\nt\private\sdktools\vctools\pdb6\langapi\include -ID:\nt\public\oak\inc -ID:\nt\public\sdk\inc -ID:\nt\private\inc -ID:\nt\public\sdk\inc\crt ..\smashlck.rc
CVTRES : fatal error CVT1101: cannot open obj\i386\smashlck.tmp for reading
Could Not Find d:\nt\private\sdktools\imagehlp.2k\tools\obj\i386\smashlck.tmp
    rc -l 409 -z "MS Sans Serif,Helv/MS Shell Dlg"  -r -fo obj\i386\splitsym.tmp -D_X86_=1 -Di386=1  -DSTD_CALL -DCONDITION_HANDLING=1 -DNT_UP=1  -DNT_INST=0 -DWIN32=100 -D_NT1X_=100 -DWINNT=1 -D_WIN32_WINNT=0x0400 -DWINVER=0x0400 -D_WIN32_IE=0x0300    -DWIN32_LEAN_AND_MEAN=1 -DDEVL=1 -DFPO=1    -DNDEBUG -D_DLL=1 -D_MT=1  -DCC_CVTYPE32 -D_VC_VER_INC   -I.. -ID:\nt\private\sdktools\vctools\pdb6\langapi\include -ID:\nt\public\oak\inc -ID:\nt\public\sdk\inc -ID:\nt\private\inc -ID:\nt\public\sdk\inc\crt ..\splitsym.rc
CVTRES : fatal error CVT1101: cannot open obj\i386\splitsym.tmp for reading
Could Not Find d:\nt\private\sdktools\imagehlp.2k\tools\obj\i386\splitsym.tmp
    rc -l 409 -z "MS Sans Serif,Helv/MS Shell Dlg"  -r -fo obj\i386\undname.tmp -D_X86_=1 -Di386=1  -DSTD_CALL -DCONDITION_HANDLING=1 -DNT_UP=1  -DNT_INST=0 -DWIN32=100 -D_NT1X_=100 -DWINNT=1 -D_WIN32_WINNT=0x0400 -DWINVER=0x0400 -D_WIN32_IE=0x0300    -DWIN32_LEAN_AND_MEAN=1 -DDEVL=1 -DFPO=1    -DNDEBUG -D_DLL=1 -D_MT=1  -DCC_CVTYPE32 -D_VC_VER_INC   -I.. -ID:\nt\private\sdktools\vctools\pdb6\langapi\include -ID:\nt\public\oak\inc -ID:\nt\public\sdk\inc -ID:\nt\private\inc -ID:\nt\public\sdk\inc\crt ..\undname.rc
CVTRES : fatal error CVT1101: cannot open obj\i386\undname.tmp for reading
Could Not Find d:\nt\private\sdktools\imagehlp.2k\tools\obj\i386\undname.tmp
    rc -l 409 -z "MS Sans Serif,Helv/MS Shell Dlg"  -r -fo obj\i386\upddbg.tmp -D_X86_=1 -Di386=1  -DSTD_CALL -DCONDITION_HANDLING=1 -DNT_UP=1  -DNT_INST=0 -DWIN32=100 -D_NT1X_=100 -DWINNT=1 -D_WIN32_WINNT=0x0400 -DWINVER=0x0400 -D_WIN32_IE=0x0300    -DWIN32_LEAN_AND_MEAN=1 -DDEVL=1 -DFPO=1    -DNDEBUG -D_DLL=1 -D_MT=1  -DCC_CVTYPE32 -D_VC_VER_INC   -I.. -ID:\nt\private\sdktools\vctools\pdb6\langapi\include -ID:\nt\public\oak\inc -ID:\nt\public\sdk\inc -ID:\nt\private\inc -ID:\nt\public\sdk\inc\crt ..\upddbg.rc
CVTRES : fatal error CVT1101: cannot open obj\i386\upddbg.tmp for reading
Could Not Find d:\nt\private\sdktools\imagehlp.2k\tools\obj\i386\upddbg.tmp
cl -nologo -Ii386\ -I. -I.. -ID:\nt\private\sdktools\vctools\pdb6\langapi\include -ID:\nt\public\oak\inc -ID:\nt\public\sdk\inc -ID:\nt\private\inc -ID:\nt\public\sdk\inc\crt -D_X86_=1 -Di386=1  -DSTD_CALL -DCONDITION_HANDLING=1 -DNT_UP=1  -DNT_INST=0 -DWIN32=100 -D_NT1X_=100 -DWINNT=1 -D_WIN32_WINNT=0x0400 -DWINVER=0x0400 -D_WIN32_IE=0x0300    -DWIN32_LEAN_AND_MEAN=1 -DDEVL=1 -DFPO=1    -DNDEBUG -D_DLL=1 -D_MT=1  -DCC_CVTYPE32 -D_VC_VER_INC     /c /Zel /Zp8 /Gy  /W3 /WX /Gz  /QIfdiv- /QIf /QI0f /GB /Gi- /Gm- /GX-  /GR- /GF -Z7 /Oxs /Oy   -FID:\nt\public\sdk\inc\warning.h  ..\bind.c
NMAKE :  U1073: don't know how to make '..\imagehlp\obj\i386\pimagehlp.lib'
Stop.
BUILD: nmake.exe /c BUILDMSG=Stop. -i LINKONLY=1 NOPASS0=1 NTTEST= UMTEST= 386=1 failed - rc = 2
