dbghelp\cvtres : error CVT1101: cannot open obj\i386\dbghelp.tmp for reading
NMAKE :  U1073: don't know how to make 'obj\i386\typesrv.obj'
imagehlp\cvtres : error CVT1101: cannot open obj\i386\imagehlp.tmp for reading
tools\cvtres : error CVT1101: cannot open obj\i386\bind.tmp for reading
tools\cvtres : error CVT1101: cannot open obj\i386\binplace.tmp for reading
tools\cvtres : error CVT1101: cannot open obj\i386\imagecfg.tmp for reading
tools\cvtres : error CVT1101: cannot open obj\i386\imagechk.tmp for reading
tools\cvtres : error CVT1101: cannot open obj\i386\rebase.tmp for reading
tools\cvtres : error CVT1101: cannot open obj\i386\smashlck.tmp for reading
tools\cvtres : error CVT1101: cannot open obj\i386\splitsym.tmp for reading
NMAKE :  U1073: don't know how to make 'D:\nt\public\sdk\lib\i386\dbghelp.lib'
tools\cvtres : error CVT1101: cannot open obj\i386\undname.tmp for reading
tools\cvtres : error CVT1101: cannot open obj\i386\upddbg.tmp for reading
tools\cvtres : error CVT1101: cannot open obj\i386\bind.tmp for reading
tools\cvtres : error CVT1101: cannot open obj\i386\binplace.tmp for reading
tools\cvtres : error CVT1101: cannot open obj\i386\imagecfg.tmp for reading
tools\cvtres : error CVT1101: cannot open obj\i386\imagechk.tmp for reading
tools\cvtres : error CVT1101: cannot open obj\i386\rebase.tmp for reading
tools\cvtres : error CVT1101: cannot open obj\i386\smashlck.tmp for reading
tools\cvtres : error CVT1101: cannot open obj\i386\splitsym.tmp for reading
tools\cvtres : error CVT1101: cannot open obj\i386\undname.tmp for reading
tools\cvtres : error CVT1101: cannot open obj\i386\upddbg.tmp for reading
NMAKE :  U1073: don't know how to make '..\imagehlp\obj\i386\pimagehlp.lib'
